Mon Apr  6 18:16:52 CEST 2015
;; 1. Based on:          036
;; 2. Description:       Onset function
;; 3. Label:             037
;; 4. Structural model:  Para: 2CMT,1TR | Exclude Meal 7
;; 5. Covariate model:   SEXSLP, T2DMSLP
;; 6. IIV:               CL, VC, BA, KG0, D1, SLP, KDJ
;; 7. IOV:               na
;; 8. Residual Var:      Combined-LLOQ/2
;; 9. Estimation:        FOCE-I
$PROBLEM    New Gastric Emptying Model
$INPUT      EXLD PID ID2 ID STUDY T2DM MEAL TIME FLG DV AMT RATE BQL
            LLOQ CMT MDV EVID SEX AGE HT WT BMI
$DATA      POOL_8MEALS_v5_COV.csv IGNORE=@ IGNORE=(EXLD>0)
            IGNORE=(FLG==1) IGNORE=(BQL==1) IGNORE=(MEAL==7)
$ABBREVIATED DERIV2=NO
$SUBROUTINE ADVAN13 TOL=6 ; Fine
$MODEL      COMP=(DEPOT) ; 1. Paracetamol in Stomach
            COMP=(TRANS) ; 2. Paracetamol Small Intestine/Duodenum
            COMP=(CENTRAL,DEFOBS) ; 3. Paracetamol Central Compartment
            COMP=(PERIPH) ; 4. Paracetamol Peripheral Compartment
            COMP=(GLUC) ; 5. Calories in intestine
$PRIOR      NWPRI
$PK        
;_________________________________ Covariates _________________________________;     
WOMAN = 0
IF(SEX.EQ.2) WOMAN = 1

DIAB = 0
IF(T2DM.EQ.2) DIAB = 1

;______________________________ Meals Composition _____________________________;     
GLUC = 0                 ; Amount of carbohydrates (g)
IF (MEAL==4) GLUC = 107
IF (MEAL==5) GLUC = 93
IF (MEAL==6) GLUC = 32

PROT = 0                 ; Amount of proteins (g)
IF (MEAL==4) PROT = 13
IF (MEAL==5) PROT = 11
IF (MEAL==6) PROT = 3

FAT  = 0                 ; Amount of fat (g)
IF (MEAL==4) FAT  = 2.5
IF (MEAL==5) FAT  = 10
IF (MEAL==6) FAT  = 40
                                     
;______________________ Parameters with prior information______________________;  
 HLKA   = THETA(1)                                   ; Absorption half-life (Clements et al 1978)
 KA     = LOG(2)/HLKA

;________________________ Disposition related Parameters ______________________;  
 TVCL   = THETA(2)
 CL     = TVCL*EXP(ETA(1))                           ; Clearance total
 
 TVVC   = THETA(3)
 VC     = TVVC*EXP(ETA(2))                           ; Volume of central compartment
 
 VP     = THETA(4)                                   ; Volume of peripheral compartment
 
 Q      = THETA(5)                                   ; Distribution Clearance
 
;________________________ Absorption related Parameters _______________________;    
 F1     = 1*EXP(ETA(3))                              ; Relative Bioavailability
 
 IF(STUDY.EQ.3) THEN
  D1    = 1                                          ; The whole dose in 1 min
  ALAG1 = 0                                          ; No delay with Meal 0
 ENDIF

 IF(STUDY.EQ.2) THEN
  D1    = 0.0001 ;PHI(ETA(4))*10                     ; Uniform distribution approx 0-10 min
  T50   = THETA(6)                                   ; Short delay with OGTT
ENDIF
 
 IF(STUDY.EQ.1) THEN
  D1    = 0.0001 ;PHI(ETA(4))*10                     ; Uniform distribution approx 0-10 min
  T50   = THETA(7)                                   ; Longer delay with Fat meal
ENDIF

 TEMP   = ETA(4)
 
 TVKG0  = LOG(2)/THETA(8)
 KG0    = TVKG0*EXP(ETA(5))                          ; Maximal rate of Gastric Emptying

 TVSLP  = THETA(9)*(1+THETA(11)*WOMAN)*(1+THETA(12)*DIAB)

 SLP    = TVSLP*EXP(ETA(6))                          ; Linear slope of glucose inhibition on KG

 TVKDJ  = LOG(2)/THETA(10)                           ; K duodenum jejunum (min-1)
 KDJ    = TVKDJ*EXP(ETA(7)) 

 STEEP  = THETA(13) 
 
;___________________________ Calories Parameters ______________________________; 
 RAMAXD = 0.573*4.1                                  ; Maximum rate of absorption Kcal in intestine
 KM     = 6.28*4.1                                   ; 50 % of absorption rate (Kcal)

;_____________________________ Meal Parameters ________________________________; 
 KCAL  = 0                                           ; Control calories
 IF(MEAL==1) KCAL = 25*4.1                           ; OGTT 25g calories
 IF(MEAL==2) KCAL = 75*4.1                           ; OGTT 75g calories
 IF(MEAL==3) KCAL = 125*4.1                          ; OGTT 125g calories
 IF(MEAL>=4) KCAL = GLUC*4.1 + PROT*4.1 + FAT*8.8    ; Equivalence calories

;__________________________ Paracetamol Parameters ____________________________; 
 IF(NEWIND.NE.2) FLAG = 0                            ; Reset flag for each new individuals
 IF(AMT.GT.0.AND.FLAG.EQ.0) FLAG = 1                 ; Flag of the first Dose
 IF(EVID.EQ.1.OR.EVID.EQ.4) TDOS = TIME              ; Compile time after dose (TAD)
 DOZ    = 9.9231                                     ; Theoretical dose of paracetamol (mMol)
 DPARA  = F1*DOZ*FLAG                                ; 'Real' dose of paracetamol

$DES                                                   
; Compartment Amounts (Safety)
 X1 = A(1)                                           ; Amount of Paracetamol in the stomach (mMol)
 X2 = A(2)                                           ; Amount of Paracetamol in the Intestine (mMol)
 X3 = A(3)                                           ; Amount of Paracetamol in the Central Compartment (mMol)
 X4 = A(4)                                           ; Amount of Paracetamol in the Peripheral Compartment (mMol)
 X5 = A(5)                                           ; Calories in the intestine (Kcal)
 IF (X5.LE.0) X5 = 1E-10

; Gastric delay
 TAD1    = T - TDOS                                  ; Time after dose (TAD)
 LAG1    = 1                                         ; No onset water
 IF(MEAL.GT.0) THEN
  LAG1    = 1/(1+EXP(-STEEP*(TAD1-T50)))             ; Onset Time stomach (min)
 ENDIF

;______________________________ Paracetamol Model _____________________________; 
 KG1     =  KG0*(1+SLP*X5)

; Eq Diff
 DADT(1) = -KG1*X1*LAG1                              ; Stomach Paracetamol (mMol)
 DADT(2) =  KG1*X1*LAG1 - KA*X2                      ; Duodenum/Small Intestine Paracetamol (mMol)
 DADT(3) =  KA*X2 - ((CL+Q)/VC)*X3 + (Q/VP)*X4       ; Central Paracetamol (mMol)
 DADT(4) =  (Q/VC)*X3 - (Q/VP)*X4                    ; Peripheral Paracetamol (mMol)

;_______________________________ Calories Model _______________________________;
; Glucose Stomach
 AGS1    = 0                                         ; Safety to avoid dividing by 0
 IF(FLAG==1) AGS1 = (X1/DPARA)*KCAL                  ; Calories in the stomach (Kcal)
 
; Eq Diff
 RAD     = RAMAXD*X5/(KM+X5)                         ; Rate of Absorption in intestine
 DADT(5) = KG1*AGS1*LAG1 -RAD -KDJ*X5                ; Calories in intestine (Kcal)

$ERROR         
; Compartment Amounts
 A1 = A(1)                                           ; Amount of Paracetamol in the stomach (mMol)
 A2 = A(2)                                           ; Amount of Paracetamol in the Intestine (mMol)
 A3 = A(3)                                           ; Amount of Paracetamol in the Central Compartment (mMol)
 A4 = A(4)                                           ; Amount of Paracetamol in the Peripheral Compartment (mMol)
 A5 = A(5)                                           ; Calories in the intestine (Kcal)
 IF (A5.LE.0) A5 = 1E-10

; Glucose Stomach
 AGS    = 0                                          ; Safety to avoid dividing by 0
 IF(FLAG==1) AGS = (A1/DPARA)*KCAL                   ; Calories in the stomach (Kcal)

; Gastric delay
 TAD    = TIME - TDOS                                ; Time after dose (TAD)
 LAG    = 1                                          ; No onset water
 IF(MEAL.GT.0) THEN
  LAG    = 1/(1+EXP(-STEEP*(TAD-T50)))               ; Onset Time stomach (min)
 ENDIF

; Paracetamol Fit
 CP    = A3/VC                                       ; Predicted Plasma concentration (mMol/L)
 IPRED = CP
 Y     = IPRED * (1+EPS(1)) + EPS(2)*(LLOQ/2)**2
 W     = SQRT((IPRED*SQRT(SIGMA(1,1)))**2 + (LLOQ/2)**2) ; Weighting
 IF (W<=0) W = 1E-5                                  ; Safety for NaN
 IRES  = DV-IPRED                                    ; Individual residual
 IWRES = IRES/W                                      ; Individual Weighted residual

$THETAP  6.779 FIX ; HLKA prior
$THETAPV  0.808  FIX  ; HLKA prior uncertainty
$THETA  (0,8.314860) ; Th1. HLKA (min-1)
 (0,0.437501) ; Th2. CL (L/min)
 (0,11.56370) ; Th3. Vc (L)
 (0,54.62910) ; Th4. Vp (L)
 (0,1.788680) ; Th5. Q  (L/min)
 (0,8.967270) ; Th6. ALAG Ogtt (min)
 (0,14.53210) ; Th7. ALAG Fat (min)
 (0,1.487240) ; Th8. KG Half-life (min)
 -0.01937 ; Th9. Slp (na)
 (0,23.88510) ; Th10. HL Kdj (min)
 0.284149 ; Th11. SEX on SLP
 -0.12693 ; Th12. T2DM on SLP
 (0,0.659120) ; Th13. Onset steepness
$OMEGA  0.029528  ;  Om1.1. CL
 0.922095  ;  Om2.2. Vc
 0.031843  ;  Om3.3. BA
 0  FIX  ; Om4.4. D1 uniform
 1.415040  ; Om5.5. KG0
 0.039306  ; Om6.6. Slp
 0.272711  ; Om7.7. KDJ
$SIGMA  0.022582  ; Sig1.1. Proportional Error
 1  FIX  ; Sig2.2. Additive Error
;$ESTIMATION METHOD=1 SIGL=3 NSIG=1 INTER MAXEVAL=9999 PRINT=1 NOABORT ; Fast
$ESTIMATION METHOD=1 SIGL=6 NSIG=2 INTER MAXEVAL=9999 PRINT=1 NOABORT ; Fine
$ESTIMATION METHOD=IMP EONLY=1 ISAMPLE=1000 NITER=5
$COVARIANCE UNCONDITIONAL MATRIX=R
$TABLE      ID STUDY T2DM MEAL TIME DV AMT CMT MDV EVID IPRED CWRES
            IWRES NOPRINT ONEHEADER FILE=sdtab037
$TABLE      ID TIME MDV A1 A2 A3 A4 A5 ETAS(1:7) CL VC KG0 KG1 KA F1
            T50 STEEP LAG D1 SLP KDJ WOMAN DIAB CP DPARA AGS KCAL
            NOAPPEND NOPRINT ONEHEADER FILE=patab037


NM-TRAN MESSAGES
  
 WARNINGS AND ERRORS (IF ANY) FOR PROBLEM    1
             
 (WARNING  2) NM-TRAN INFERS THAT THE DATA ARE POPULATION.
             
 (WARNING  48) DES-DEFINED ITEMS ARE COMPUTED ONLY WHEN EVENT TIME
 INCREASES. E.G., DISPLAYED VALUES ASSOCIATED WITH THE FIRST EVENT RECORD
 OF AN INDIVIDUAL RECORD ARE COMPUTED WITH (THE LAST ADVANCE TO) AN EVENT
 TIME OF THE PRIOR INDIVIDUAL RECORD.
             
 (WARNING  79) SIGMA IS USED ON THE RIGHT. WITH A SUBSEQUENT RUN, IF AN
 INITIAL ESTIMATE OF A DIAGONAL BLOCK OF SIGMA IS TO BE COMPUTED BY
 NONMEM, THAT BLOCK WILL BE SET TO AN IDENTITY MATRIX DURING THAT
 COMPUTATION. THIS COULD LEAD TO AN ARITHMETIC EXCEPTION.*

 * THE MAXIMUM NUMBER OF WARNINGS OF ONE OR MORE TYPES WAS REACHED.
 IT IS POSSIBLE THAT SOME WARNING MESSAGES WERE SUPPRESSED.

License Registered to: Uppsala University
Expiration Date:    14 MAR 2016
Current Date:        6 APR 2015
Days until program expires : 343
1NONLINEAR MIXED EFFECTS MODEL PROGRAM (NONMEM) VERSION 7.3.0
 ORIGINALLY DEVELOPED BY STUART BEAL, LEWIS SHEINER, AND ALISON BOECKMANN
 CURRENT DEVELOPERS ARE ROBERT BAUER, ICON DEVELOPMENT SOLUTIONS,
 AND ALISON BOECKMANN. IMPLEMENTATION, EFFICIENCY, AND STANDARDIZATION
 PERFORMED BY NOUS INFOSYSTEMS.
 
 PROBLEM NO.:         1
 New Gastric Emptying Model                                              
0DATA CHECKOUT RUN:              NO 
 DATA SET LOCATED ON UNIT NO.:    2
 THIS UNIT TO BE REWOUND:        NO 
 NO. OF DATA RECS IN DATA SET:     1799
 NO. OF DATA ITEMS IN DATA SET:  22
 ID DATA ITEM IS DATA ITEM NO.:   4
 DEP VARIABLE IS DATA ITEM NO.:  10
 MDV DATA ITEM IS DATA ITEM NO.: 16
0INDICES PASSED TO SUBROUTINE PRED:
  17   8  11  12   0   0  15   0   0   0   0
0LABELS FOR DATA ITEMS:
 EXLD PID ID2 ID STUDY T2DM MEAL TIME FLG DV AMT RATE BQL LLOQ CMT MDV EVID SEX AGE HT WT BMI
0(NONBLANK) LABELS FOR PRED-DEFINED ITEMS:
 WOMAN DIAB KA CL VC F1 D1 T50 KG0 SLP KDJ STEEP KCAL DPARA KG1 A1 A2 A3 A4 A5 AGS LAG CP IPRED IWRES
0FORMAT FOR DATA:
 (2(9E8.0/),4E8.0)                                                               
 
 TOT. NO. OF OBS RECS:     1615
 TOT. NO. OF INDIVIDUALS:    183
0LENGTH OF THETA:  14
0DEFAULT THETA BOUNDARY TEST OMITTED:    NO 
0OMEGA HAS BLOCK FORM:
  1
  0  2
  0  0  3
  0  0  0  4
  0  0  0  0  5
  0  0  0  0  0  6
  0  0  0  0  0  0  7
  0  0  0  0  0  0  0  8
0DEFAULT OMEGA BOUNDARY TEST OMITTED:    NO 
0SIGMA HAS BLOCK FORM:
  1
  0  2
0DEFAULT SIGMA BOUNDARY TEST OMITTED:    NO 
0INITIAL ESTIMATE OF THETA:
 LOWER BOUND    INITIAL EST    UPPER BOUND
  0.0000E+00     0.8315E+01     0.1000E+07
  0.0000E+00     0.4375E+00     0.1000E+07
  0.0000E+00     0.1156E+02     0.1000E+07
  0.0000E+00     0.5463E+02     0.1000E+07
  0.0000E+00     0.1789E+01     0.1000E+07
  0.0000E+00     0.8967E+01     0.1000E+07
  0.0000E+00     0.1453E+02     0.1000E+07
  0.0000E+00     0.1487E+01     0.1000E+07
 -0.1000E+07    -0.1937E-01     0.1000E+07
  0.0000E+00     0.2389E+02     0.1000E+07
 -0.1000E+07     0.2841E+00     0.1000E+07
 -0.1000E+07    -0.1269E+00     0.1000E+07
  0.0000E+00     0.6591E+00     0.1000E+07
  0.6779E+01     0.6779E+01     0.6779E+01
0INITIAL ESTIMATE OF OMEGA:
 BLOCK SET NO.   BLOCK                                                                    FIXED
        1                                                                                   NO 
                  0.2953E-01
        2                                                                                   NO 
                  0.9221E+00
        3                                                                                   NO 
                  0.3184E-01
        4                                                                                  YES 
                  0.0000E+00
        5                                                                                   NO 
                  0.1415E+01
        6                                                                                   NO 
                  0.3931E-01
        7                                                                                   NO 
                  0.2727E+00
        8                                                                                  YES 
                  0.8080E+00
0INITIAL ESTIMATE OF SIGMA:
 BLOCK SET NO.   BLOCK                                                                    FIXED
        1                                                                                   NO 
                  0.2258E-01
        2                                                                                  YES 
                  0.1000E+01
0COVARIANCE STEP OMITTED:        NO 
 R MATRIX SUBSTITUTED:          YES 
 S MATRIX SUBSTITUTED:           NO 
 EIGENVLS. PRINTED:              NO 
 COMPRESSED FORMAT:              NO 
 SIGDIGITS ETAHAT (SIGLO):                  -1          
 SIGDIGITS GRADIENTS (SIGL):                -1          
 RELATIVE TOLERANCE (TOL):                  -1          
 ABSOLUTE TOLERANCE-ADVAN 9,13 ONLY (ATOL): -1          
 EXCLUDE COV FOR FOCE (NOFCOV):              NO   
 RESUME COV ANALYSIS (RESUME):               NO   
0TABLES STEP OMITTED:    NO 
 NO. OF TABLES:           2
 SEED NUMBER (SEED):    11456       
 RANMETHOD:                                 
 MC SAMPLES (ESEED):    300         
 WRES SQUARE ROOT TYPE:            EIGENVALUE
0-- TABLE   1 --
 PRINTED:                NO 
 HEADERS:               ONE
 FILE TO BE FORWARDED:   NO 
 FORMAT:                S1PE11.4
 LFORMAT:               
 RFORMAT:               
0USER-CHOSEN ITEMS:
 ID STUDY T2DM MEAL TIME DV AMT CMT MDV EVID IPRED CWRES IWRES
0-- TABLE   2 --
04 COLUMNS APPENDED:     NO 
 PRINTED:                NO 
 HEADERS:               ONE
 FILE TO BE FORWARDED:   NO 
 FORMAT:                S1PE11.4
 LFORMAT:               
 RFORMAT:               
0USER-CHOSEN ITEMS:
 ID TIME MDV A1 A2 A3 A4 A5 ETA1 ETA2 ETA3 ETA4 ETA5 ETA6 ETA7 CL VC KG0 KG1 KA F1 T50 STEEP LAG D1 SLP KDJ WOMAN DIAB CP
 DPARA AGS KCAL
0
 PRIOR SUBROUTINE USER-SUPPLIED
1DOUBLE PRECISION PREDPP VERSION 7.3.0
 
 GENERAL NONLINEAR KINETICS MODEL USING LSODA (ADVAN13)
0MODEL SUBROUTINE USER-SUPPLIED - ID NO. 9999
0MAXIMUM NO. OF BASIC PK PARAMETERS:  16
0COMPARTMENT ATTRIBUTES 
 COMPT. NO.   FUNCTION   INITIAL    ON/OFF      DOSE      DEFAULT    DEFAULT
                         STATUS     ALLOWED    ALLOWED    FOR DOSE   FOR OBS.
    1         DEPOT        ON         YES        YES        YES        NO 
    2         TRANS        ON         YES        YES        NO         NO 
    3         CENTRAL      ON         YES        YES        NO         YES
    4         PERIPH       ON         YES        YES        NO         NO 
    5         GLUC         ON         YES        YES        NO         NO 
    6         OUTPUT       OFF        YES        NO         NO         NO 
0NRD VALUE(S) FROM SUBROUTINE TOL:   6
1
 ADDITIONAL PK PARAMETERS - ASSIGNMENT OF ROWS IN GG
 COMPT. NO.                             INDICES
              SCALE      BIOAVAIL.   ZERO-ORDER  ZERO-ORDER  ABSORB
                         FRACTION    RATE        DURATION    LAG  
    1            *          17           *          18          19
    2            *           *           *           *           *
    3            *           *           *           *           *
    4            *           *           *           *           *
    5            *           *           *           *           *
    6            *           -           -           -           -
             - PARAMETER IS NOT ALLOWED FOR THIS MODEL
             * PARAMETER IS NOT SUPPLIED BY PK SUBROUTINE;
               WILL DEFAULT TO ONE IF APPLICABLE
0DATA ITEM INDICES USED BY PRED ARE:
   EVENT ID DATA ITEM IS DATA ITEM NO.:     17
   TIME DATA ITEM IS DATA ITEM NO.:          8
   DOSE AMOUNT DATA ITEM IS DATA ITEM NO.:  11
   DOSE RATE DATA ITEM IS DATA ITEM NO.:    12
   COMPT. NO. DATA ITEM IS DATA ITEM NO.:   15
 
0PK SUBROUTINE CALLED WITH EVERY EVENT RECORD.
 PK SUBROUTINE NOT CALLED AT NONEVENT (ADDITIONAL OR LAGGED) DOSE TIMES.
0ERROR SUBROUTINE CALLED WITH EVERY EVENT RECORD.
0ERROR SUBROUTINE INDICATES THAT DERIVATIVES OF COMPARTMENT AMOUNTS ARE USED.
0DES SUBROUTINE USES FULL STORAGE MODE.

 #PARA: PARAFILE=/opt/local64/nonmem/nm_7.2.0_g/runfiles/mpilinux8.pnm, PROTOCOL=MPI, NODES= 40

1


 #TBLN:      1
 #METH: First Order Conditional Estimation with Interaction

 ESTIMATION STEP OMITTED:                 NO  
 ANALYSIS TYPE:                           POPULATION
 CONDITIONAL ESTIMATES USED:              YES 
 CENTERED ETA:                            NO  
 EPS-ETA INTERACTION:                     YES 
 LAPLACIAN OBJ. FUNC.:                    NO  
 NO. OF FUNCT. EVALS. ALLOWED:            9999
 NO. OF SIG. FIGURES REQUIRED:            2
 INTERMEDIATE PRINTOUT:                   YES 
 ESTIMATE OUTPUT TO MSF:                  NO  
 ABORT WITH PRED EXIT CODE 1:             NO  
 IND. OBJ. FUNC. VALUES SORTED:           NO  
 NUMERICAL DERIVATIVE 
       FILE REQUEST (NUMDER):             NONE
 MAP (ETAHAT) ESTIMATION METHOD (OPTMAP): 0           
 ETA HESSIAN EVALUATION METHOD (ETADER):  0           
 INITIAL ETA FOR MAP ESTIMATION (MCETA):  0           
 SIGDIGITS FOR MAP ESTIMATION (SIGLO):    6           
 GRADIENT SIGDIGITS OF 
       FIXED EFFECTS PARAMETERS (SIGL):   6           
 EXCLUDE TITLE (NOTITLE):                 NO 
 EXCLUDE COLUMN LABELS (NOLABEL):         NO 
 NOPRIOR SETTING (NOPRIOR):               OFF
 NOCOV SETTING (NOCOV):                   OFF
 DERCONT SETTING (DERCONT):               OFF
 ABSOLUTE TOLERANCE-ADVAN 9,13 ONLY(ATOL):-100        
 FINAL ETA RE-EVALUATION (FNLETA):        ON 
 EXCLUDE NON-INFLUENTIAL (NON-INFL.) ETAS 
       IN SHRINKAGE (ETASTYPE):           NO 
 NON-INFL. ETA CORRECTION (NONINFETA):    OFF
 FORMAT FOR ADDITIONAL FILES (FORMAT):    S1PE12.5
 PARAMETER ORDER FOR OUTPUTS (ORDER):     TSOL
 ADDITIONAL CONVERGENCE TEST (CTYPE=4)?:  NO
 EM OR BAYESIAN METHOD USED:                NONE


 THE FOLLOWING LABELS ARE EQUIVALENT
 PRED=PREDI
 RES=RESI
 WRES=WRESI
 IWRS=IWRESI
 IPRD=IPREDI
 IRS=IRESI

 MONITORING OF SEARCH:


0ITERATION NO.:    0    OBJECTIVE VALUE:  -12341.8664964802        NO. OF FUNC. EVALS.:  16
 CUMULATIVE NO. OF FUNC. EVALS.:       16
 NPARAMETR:  8.3149E+00  4.3750E-01  1.1564E+01  5.4629E+01  1.7887E+00  8.9673E+00  1.4532E+01  1.4872E+00 -1.9370E-02  2.3885E+01
             2.8415E-01 -1.2693E-01  6.5912E-01  2.9528E-02  9.2209E-01  3.1843E-02  1.4150E+00  3.9306E-02  2.7271E-01  2.2582E-02
 PARAMETER:  1.0000E-01  1.0000E-01  1.0000E-01  1.0000E-01  1.0000E-01  1.0000E-01  1.0000E-01  1.0000E-01 -1.0000E-01  1.0000E-01
             1.0000E-01 -1.0000E-01  1.0000E-01  1.0000E-01  1.0000E-01  1.0000E-01  1.0000E-01  1.0000E-01  1.0000E-01  1.0000E-01
 GRADIENT:   3.5594E+01 -9.8635E+01  2.8080E+00  6.6603E+01  9.3036E+01  1.1207E+00  8.5550E+01 -1.1493E+01  5.9903E+02 -4.0071E+01
            -4.3077E+00 -6.3007E+00  4.9010E+00  2.9400E-01 -1.2849E+01  3.1640E+01  2.4921E+01  9.0106E+00 -4.7737E+01  9.0502E+00

0ITERATION NO.:    1    OBJECTIVE VALUE:  -12342.4503094936        NO. OF FUNC. EVALS.:  20
 CUMULATIVE NO. OF FUNC. EVALS.:       36
 NPARAMETR:  8.3145E+00  4.3756E-01  1.1564E+01  5.4625E+01  1.7885E+00  8.9673E+00  1.4531E+01  1.4873E+00 -1.9515E-02  2.3886E+01
             2.8416E-01 -1.2692E-01  6.5912E-01  2.9528E-02  9.2212E-01  3.1840E-02  1.4150E+00  3.9305E-02  2.7274E-01  2.2581E-02
 PARAMETER:  9.9955E-02  1.0012E-01  9.9996E-02  9.9917E-02  9.9884E-02  9.9999E-02  9.9893E-02  1.0001E-01 -1.0075E-01  1.0005E-01
             1.0001E-01 -9.9992E-02  9.9994E-02  1.0000E-01  1.0002E-01  9.9960E-02  9.9969E-02  9.9989E-02  1.0006E-01  9.9989E-02
 GRADIENT:   6.2087E-01  1.5662E+00 -3.8101E+00 -1.1017E+00  9.5141E+00 -4.9617E-01 -9.9144E+00  2.9744E+00 -5.4955E+01  1.7337E+01
             2.6305E+01  1.9411E+01 -1.0012E+00  9.2235E+00  7.1484E+00 -4.6961E+00 -5.3071E+00  2.9484E+00  6.4175E+00  1.0264E+00

0ITERATION NO.:    2    OBJECTIVE VALUE:  -12342.5387858506        NO. OF FUNC. EVALS.:  21
 CUMULATIVE NO. OF FUNC. EVALS.:       57
 NPARAMETR:  8.3145E+00  4.3755E-01  1.1564E+01  5.4625E+01  1.7884E+00  8.9673E+00  1.4532E+01  1.4872E+00 -1.9442E-02  2.3883E+01
             2.8365E-01 -1.2709E-01  6.5912E-01  2.9524E-02  9.2203E-01  3.1843E-02  1.4151E+00  3.9304E-02  2.7272E-01  2.2581E-02
 PARAMETER:  9.9951E-02  1.0011E-01  1.0002E-01  9.9924E-02  9.9818E-02  1.0000E-01  9.9961E-02  9.9994E-02 -1.0037E-01  9.9931E-02
             9.9825E-02 -1.0013E-01  1.0000E-01  9.9936E-02  9.9967E-02  9.9993E-02  1.0001E-01  9.9968E-02  1.0002E-01  9.9982E-02
 GRADIENT:  -2.0250E+01 -3.1142E+01 -3.8547E+01 -3.0893E+01 -1.5534E+01  1.0337E+00 -1.8485E+01  6.3227E-01  7.4193E+02 -1.5429E+01
             9.5283E+00  5.6534E+00 -4.4148E+00  7.2782E+00  1.0739E+01 -4.4764E+00 -5.5485E+00  5.3548E+00  3.6454E+00  5.5189E+00

0ITERATION NO.:    3    OBJECTIVE VALUE:  -12342.5561309545        NO. OF FUNC. EVALS.:  20
 CUMULATIVE NO. OF FUNC. EVALS.:       77
 NPARAMETR:  8.3150E+00  4.3758E-01  1.1570E+01  5.4639E+01  1.7872E+00  8.9676E+00  1.4544E+01  1.4869E+00 -1.9460E-02  2.3854E+01
             2.7776E-01 -1.2902E-01  6.5919E-01  2.9480E-02  9.2091E-01  3.1867E-02  1.4163E+00  3.9283E-02  2.7244E-01  2.2576E-02
 PARAMETER:  1.0002E-01  1.0017E-01  1.0054E-01  1.0019E-01  9.9179E-02  1.0003E-01  1.0083E-01  9.9762E-02 -1.0047E-01  9.8692E-02
             9.7753E-02 -1.0165E-01  1.0010E-01  9.9187E-02  9.9357E-02  1.0038E-01  1.0044E-01  9.9711E-02  9.9503E-02  9.9871E-02
 GRADIENT:  -4.2410E+01 -1.0273E+02 -4.5497E+01 -8.2302E+01 -3.9004E+01  1.3716E+01 -4.6656E+01 -9.0964E-01  1.1005E+03 -2.6836E+01
            -8.1427E+00  8.0272E+00 -1.1173E+01  1.0877E+01  1.0042E+01 -5.0191E+00 -5.3910E+00  4.0874E+00  5.6721E+00  8.8753E+00

0ITERATION NO.:    4    OBJECTIVE VALUE:  -12342.5561309545        NO. OF FUNC. EVALS.:  37
 CUMULATIVE NO. OF FUNC. EVALS.:      114
 NPARAMETR:  8.3150E+00  4.3758E-01  1.1570E+01  5.4639E+01  1.7872E+00  8.9676E+00  1.4544E+01  1.4869E+00 -1.9460E-02  2.3854E+01
             2.7776E-01 -1.2902E-01  6.5919E-01  2.9480E-02  9.2091E-01  3.1867E-02  1.4163E+00  3.9283E-02  2.7244E-01  2.2576E-02
 PARAMETER:  1.0002E-01  1.0017E-01  1.0054E-01  1.0019E-01  9.9179E-02  1.0003E-01  1.0083E-01  9.9762E-02 -1.0047E-01  9.8692E-02
             9.7753E-02 -1.0165E-01  1.0010E-01  9.9187E-02  9.9357E-02  1.0038E-01  1.0044E-01  9.9711E-02  9.9503E-02  9.9871E-02
 GRADIENT:  -4.4001E+01 -1.0545E+02 -4.6897E+01 -8.3922E+01 -4.0220E+01  1.2599E+01 -5.2163E+01 -2.2431E+00  8.7894E+02 -2.8065E+01
            -1.4085E+01  5.2274E+00 -1.2660E+01  1.0877E+01  1.0042E+01 -5.0191E+00 -5.3910E+00  4.0874E+00  5.6721E+00  8.5510E+00

0ITERATION NO.:    5    OBJECTIVE VALUE:  -12342.5566714753        NO. OF FUNC. EVALS.:  35
 CUMULATIVE NO. OF FUNC. EVALS.:      149
 NPARAMETR:  8.3160E+00  4.3774E-01  1.1570E+01  5.4654E+01  1.7873E+00  8.9670E+00  1.4548E+01  1.4869E+00 -1.9454E-02  2.3853E+01
             2.7769E-01 -1.2916E-01  6.5922E-01  2.9476E-02  9.2085E-01  3.1869E-02  1.4164E+00  3.9283E-02  2.7241E-01  2.2575E-02
 PARAMETER:  1.0013E-01  1.0055E-01  1.0058E-01  1.0046E-01  9.9247E-02  9.9975E-02  1.0106E-01  9.9760E-02 -1.0044E-01  9.8647E-02
             9.7729E-02 -1.0176E-01  1.0015E-01  9.9116E-02  9.9324E-02  1.0041E-01  1.0047E-01  9.9704E-02  9.9455E-02  9.9852E-02
 GRADIENT:  -1.1839E+01 -2.8493E+02 -5.3720E+01 -1.5749E+02  2.2363E+01 -8.5840E+01  1.5417E+00 -1.3463E+01 -6.0873E+02  3.3146E+01
             2.2601E+01  8.7070E+01 -2.6220E+01 -8.7046E+00  3.6230E+00  1.8959E+01 -3.0159E+00  8.1754E+00  7.4239E+00  1.1151E+01

0ITERATION NO.:    6    OBJECTIVE VALUE:  -12342.5569840973        NO. OF FUNC. EVALS.:  37
 CUMULATIVE NO. OF FUNC. EVALS.:      186
 NPARAMETR:  8.3161E+00  4.3779E-01  1.1571E+01  5.4658E+01  1.7873E+00  8.9673E+00  1.4548E+01  1.4869E+00 -1.9453E-02  2.3853E+01
             2.7769E-01 -1.2919E-01  6.5923E-01  2.9476E-02  9.2085E-01  3.1869E-02  1.4164E+00  3.9282E-02  2.7241E-01  2.2575E-02
 PARAMETER:  1.0014E-01  1.0065E-01  1.0061E-01  1.0052E-01  9.9245E-02  1.0000E-01  1.0106E-01  9.9765E-02 -1.0043E-01  9.8644E-02
             9.7725E-02 -1.0178E-01  1.0016E-01  9.9120E-02  9.9322E-02  1.0040E-01  1.0047E-01  9.9700E-02  9.9453E-02  9.9847E-02
 GRADIENT:  -1.6053E+01 -2.3014E+01 -2.3552E+01 -2.1051E+01 -1.0564E+01  2.7767E+00 -1.8890E+01  4.2841E-01  2.9809E+02 -7.9035E+00
            -9.7212E+00 -5.4127E+01 -4.2613E+00  9.4861E+00  6.7060E+00 -2.9614E+00 -5.3238E+00  3.9975E+00  6.2443E+00  2.1699E+00

0ITERATION NO.:    7    OBJECTIVE VALUE:  -12342.5592844141        NO. OF FUNC. EVALS.:  37
 CUMULATIVE NO. OF FUNC. EVALS.:      223
 NPARAMETR:  8.3167E+00  4.3784E-01  1.1572E+01  5.4664E+01  1.7873E+00  8.9671E+00  1.4550E+01  1.4869E+00 -1.9448E-02  2.3852E+01
             2.7778E-01 -1.2859E-01  6.5925E-01  2.9470E-02  9.2075E-01  3.1870E-02  1.4165E+00  3.9280E-02  2.7237E-01  2.2575E-02
 PARAMETER:  1.0023E-01  1.0078E-01  1.0072E-01  1.0063E-01  9.9256E-02  9.9986E-02  1.0122E-01  9.9753E-02 -1.0040E-01  9.8599E-02
             9.7758E-02 -1.0131E-01  1.0019E-01  9.9020E-02  9.9269E-02  1.0043E-01  1.0052E-01  9.9669E-02  9.9381E-02  9.9841E-02
 GRADIENT:  -8.9839E+00  8.0258E+00 -7.7613E+00 -1.9570E+00 -6.9864E+00  1.6385E+00 -2.2010E+00  2.4103E+00  4.0391E+01  2.7421E+00
            -1.2677E+01 -1.3012E+01  8.0236E-01  9.5585E+00  7.6288E+00 -4.3166E+00 -3.9894E+00  3.5031E+00  5.9110E+00 -9.0902E-01

0ITERATION NO.:    8    OBJECTIVE VALUE:  -12342.5709337199        NO. OF FUNC. EVALS.:  71
 CUMULATIVE NO. OF FUNC. EVALS.:      294             RESET HESSIAN, TYPE I
 NPARAMETR:  8.3161E+00  4.3787E-01  1.1574E+01  5.4660E+01  1.7872E+00  8.9626E+00  1.4549E+01  1.4870E+00 -1.9457E-02  2.3853E+01
             2.8091E-01 -1.2776E-01  6.5906E-01  2.9448E-02  9.2088E-01  3.1866E-02  1.4163E+00  3.9257E-02  2.7241E-01  2.2575E-02
 PARAMETER:  1.0015E-01  1.0085E-01  1.0086E-01  1.0056E-01  9.9183E-02  9.9482E-02  1.0114E-01  9.9826E-02 -1.0045E-01  9.8671E-02
             9.8862E-02 -1.0066E-01  9.9902E-02  9.8648E-02  9.9340E-02  1.0036E-01  1.0045E-01  9.9380E-02  9.9453E-02  9.9845E-02
 GRADIENT:   1.8472E+00 -2.4436E+00 -1.0627E+00 -7.1925E+00 -4.8801E-01 -2.0976E+00  3.2933E+01  6.0401E+00  2.3774E+02  3.0694E-01
             9.2692E+00  7.8206E+00  9.5800E+00  7.3392E+00  6.5128E+00 -2.2833E+00 -4.1598E+00  4.3096E+00  4.7855E+00  1.1661E+00

0ITERATION NO.:    9    OBJECTIVE VALUE:  -12342.5709337199        NO. OF FUNC. EVALS.:  32
 CUMULATIVE NO. OF FUNC. EVALS.:      326
 NPARAMETR:  8.3161E+00  4.3787E-01  1.1574E+01  5.4660E+01  1.7872E+00  8.9626E+00  1.4549E+01  1.4870E+00 -1.9457E-02  2.3853E+01
             2.8091E-01 -1.2776E-01  6.5906E-01  2.9448E-02  9.2088E-01  3.1866E-02  1.4163E+00  3.9257E-02  2.7241E-01  2.2575E-02
 PARAMETER:  1.0015E-01  1.0085E-01  1.0086E-01  1.0056E-01  9.9183E-02  9.9482E-02  1.0114E-01  9.9826E-02 -1.0045E-01  9.8671E-02
             9.8862E-02 -1.0066E-01  9.9902E-02  9.8648E-02  9.9340E-02  1.0036E-01  1.0045E-01  9.9380E-02  9.9453E-02  9.9845E-02
 GRADIENT:   1.0047E-01 -5.2023E+00 -2.5546E+00 -8.9374E+00 -1.6661E+00 -3.2218E+00  2.7426E+01  4.7787E+00  1.2441E+01 -1.4550E+00
             3.1966E+00  4.9377E+00  8.3365E+00  7.3392E+00  6.5128E+00 -2.2833E+00 -4.1598E+00  4.3096E+00  4.7855E+00  8.4104E-01

0ITERATION NO.:   10    OBJECTIVE VALUE:  -12342.5747037810        NO. OF FUNC. EVALS.:  31
 CUMULATIVE NO. OF FUNC. EVALS.:      357
 NPARAMETR:  8.3161E+00  4.3787E-01  1.1574E+01  5.4659E+01  1.7872E+00  8.9676E+00  1.4548E+01  1.4870E+00 -1.9458E-02  2.3853E+01
             2.8048E-01 -1.2894E-01  6.5886E-01  2.9439E-02  9.2088E-01  3.1866E-02  1.4163E+00  3.9245E-02  2.7241E-01  2.2574E-02
 PARAMETER:  1.0015E-01  1.0085E-01  1.0090E-01  1.0056E-01  9.9180E-02  1.0004E-01  1.0113E-01  9.9829E-02 -1.0045E-01  9.8675E-02
             9.8711E-02 -1.0158E-01  9.9598E-02  9.8486E-02  9.9343E-02  1.0035E-01  1.0045E-01  9.9230E-02  9.9456E-02  9.9823E-02
 GRADIENT:  -5.9330E+01 -7.5909E+01 -1.1402E+02 -9.4289E+01 -7.8981E+01  1.7374E+00  3.3502E+01  7.9624E-01  2.9244E+03 -1.3058E+02
            -1.5907E+01 -9.5132E+01  4.7144E+00  1.2025E+01  1.1270E+01 -5.1439E+00 -8.0467E-01  1.9536E+01 -4.2894E+00  3.5156E-01

0ITERATION NO.:   11    OBJECTIVE VALUE:  -12342.5860598801        NO. OF FUNC. EVALS.:  63
 CUMULATIVE NO. OF FUNC. EVALS.:      420             RESET HESSIAN, TYPE I
 NPARAMETR:  8.3170E+00  4.3789E-01  1.1575E+01  5.4658E+01  1.7872E+00  8.9673E+00  1.4548E+01  1.4869E+00 -1.9461E-02  2.3852E+01
             2.8066E-01 -1.2890E-01  6.5882E-01  2.9431E-02  9.2039E-01  3.1867E-02  1.4209E+00  3.9236E-02  2.7239E-01  2.2574E-02
 PARAMETER:  1.0025E-01  1.0088E-01  1.0095E-01  1.0053E-01  9.9149E-02  9.9998E-02  1.0110E-01  9.9798E-02 -1.0047E-01  9.8593E-02
             9.8771E-02 -1.0155E-01  9.9548E-02  9.8361E-02  9.9075E-02  1.0038E-01  1.0208E-01  9.9105E-02  9.9418E-02  9.9817E-02
 GRADIENT:  -8.2207E+01 -4.6876E+01 -6.2889E+01 -8.7054E+01 -9.6388E+01 -1.3087E+01 -6.6874E+01 -1.3425E+01  2.5188E+03 -8.7667E+01
            -5.5595E+02  2.3385E+01 -2.7389E+01  1.4635E+01  7.9610E+00 -1.3662E+01 -4.4858E+00  1.0284E+01  2.2586E+00  1.2855E+01

0ITERATION NO.:   12    OBJECTIVE VALUE:  -12342.5867123264        NO. OF FUNC. EVALS.:  21
 CUMULATIVE NO. OF FUNC. EVALS.:      441
 NPARAMETR:  8.3179E+00  4.3789E-01  1.1575E+01  5.4658E+01  1.7872E+00  8.9675E+00  1.4548E+01  1.4869E+00 -1.9462E-02  2.3853E+01
             2.8211E-01 -1.2894E-01  6.5884E-01  2.9431E-02  9.2035E-01  3.1867E-02  1.4218E+00  3.9227E-02  2.7239E-01  2.2574E-02
 PARAMETER:  1.0037E-01  1.0088E-01  1.0100E-01  1.0053E-01  9.9149E-02  1.0003E-01  1.0110E-01  9.9804E-02 -1.0048E-01  9.8661E-02
             9.9281E-02 -1.0159E-01  9.9582E-02  9.8350E-02  9.9053E-02  1.0038E-01  1.0237E-01  9.8990E-02  9.9418E-02  9.9814E-02
 GRADIENT:  -1.9081E+01 -1.9978E+01 -1.9942E+01 -1.5697E+01 -1.3707E+01 -1.5518E+00 -1.5473E+01  1.2050E+00  4.0422E+02  7.4920E-01
            -5.1693E+01 -9.9520E+00 -3.8483E+00  9.6777E+00  9.3331E+00 -3.9539E+00 -6.1822E+00  3.7593E+00  5.4571E+00  2.3649E+00

0ITERATION NO.:   13    OBJECTIVE VALUE:  -12342.5900074511        NO. OF FUNC. EVALS.:  21
 CUMULATIVE NO. OF FUNC. EVALS.:      462
 NPARAMETR:  8.3181E+00  4.3789E-01  1.1575E+01  5.4658E+01  1.7872E+00  8.9675E+00  1.4548E+01  1.4869E+00 -1.9463E-02  2.3853E+01
             2.8210E-01 -1.2892E-01  6.5885E-01  2.9430E-02  9.2030E-01  3.1868E-02  1.4230E+00  3.9224E-02  2.7239E-01  2.2574E-02
 PARAMETER:  1.0039E-01  1.0088E-01  1.0101E-01  1.0053E-01  9.9149E-02  1.0003E-01  1.0110E-01  9.9803E-02 -1.0048E-01  9.8653E-02
             9.9280E-02 -1.0157E-01  9.9584E-02  9.8343E-02  9.9027E-02  1.0038E-01  1.0279E-01  9.8956E-02  9.9417E-02  9.9814E-02
 GRADIENT:  -4.6523E-01  1.1191E+01 -2.3056E+00  5.3719E+00  1.0909E+00  3.1346E+00  1.0064E+01  5.0535E+00  1.3132E+02  8.9541E+00
            -6.3256E-01  2.2740E+00  6.0011E+00  9.0468E+00  7.2810E+00 -3.2736E+00 -5.2899E+00  4.1213E+00  5.1406E+00 -1.4709E-01

0ITERATION NO.:   14    OBJECTIVE VALUE:  -12342.5900074511        NO. OF FUNC. EVALS.:  37
 CUMULATIVE NO. OF FUNC. EVALS.:      499
 NPARAMETR:  8.3181E+00  4.3789E-01  1.1575E+01  5.4658E+01  1.7872E+00  8.9675E+00  1.4548E+01  1.4869E+00 -1.9463E-02  2.3853E+01
             2.8210E-01 -1.2892E-01  6.5885E-01  2.9430E-02  9.2030E-01  3.1868E-02  1.4230E+00  3.9224E-02  2.7239E-01  2.2574E-02
 PARAMETER:  1.0039E-01  1.0088E-01  1.0101E-01  1.0053E-01  9.9149E-02  1.0003E-01  1.0110E-01  9.9803E-02 -1.0048E-01  9.8653E-02
             9.9280E-02 -1.0157E-01  9.9584E-02  9.8343E-02  9.9027E-02  1.0038E-01  1.0279E-01  9.8956E-02  9.9417E-02  9.9814E-02
 GRADIENT:  -2.4227E+00  8.3267E+00 -3.8511E+00  3.6133E+00 -2.5039E-01  2.0911E+00  4.4540E+00  3.8552E+00 -9.3814E+01  7.3931E+00
            -6.7361E+00 -4.8396E-01  4.3113E+00  9.0468E+00  7.2810E+00 -3.2736E+00 -5.2899E+00  4.1213E+00  5.1406E+00 -4.7227E-01

0ITERATION NO.:   15    OBJECTIVE VALUE:  -12342.5900074511        NO. OF FUNC. EVALS.:  52
 CUMULATIVE NO. OF FUNC. EVALS.:      551
 NPARAMETR:  8.3180E+00  4.3789E-01  1.1575E+01  5.4657E+01  1.7871E+00  8.9666E+00  1.4548E+01  1.4870E+00 -1.9464E-02  2.3853E+01
             2.8210E-01 -1.2892E-01  6.5884E-01  2.9431E-02  9.2033E-01  3.1867E-02  1.4229E+00  3.9223E-02  2.7240E-01  2.2573E-02
 PARAMETER:  1.0039E-01  1.0088E-01  1.0101E-01  1.0053E-01  9.9149E-02  1.0003E-01  1.0110E-01  9.9803E-02 -1.0048E-01  9.8653E-02
             9.9280E-02 -1.0157E-01  9.9584E-02  9.8343E-02  9.9027E-02  1.0038E-01  1.0279E-01  9.8956E-02  9.9417E-02  9.9814E-02
 GRADIENT:   3.6570E+02 -3.6736E+02  3.5700E+02  3.6963E+02  3.7539E+02  1.0949E+00  1.8935E+02 -3.5941E+02  2.7037E+02 -3.6345E+02
             1.0081E-01 -3.2345E-01  1.8246E+02 -3.5343E+02 -3.5990E+02  3.6409E+02  3.5521E+02  1.8540E+02 -3.6562E+02  3.6394E+02
 NUMSIGDIG:         2.3         2.3         2.3         2.3         2.3         1.5         2.3         2.3         2.6         2.3
                    4.0         3.2         2.3         2.3         2.3         2.3         2.3         2.3         2.3         2.3

 #TERM:
0MINIMIZATION TERMINATED
 DUE TO ROUNDING ERRORS (ERROR=134)
 NO. OF FUNCTION EVALUATIONS USED:      551
 NO. OF SIG. DIGITS IN FINAL EST.:  1.5
 ADDITIONAL PROBLEMS OCCURRED WITH THE MINIMIZATION.
 REGARD THE RESULTS OF THE ESTIMATION STEP CAREFULLY, AND ACCEPT THEM ONLY
 AFTER CHECKING THAT THE COVARIANCE STEP PRODUCES REASONABLE OUTPUT.

 ETABAR IS THE ARITHMETIC MEAN OF THE ETA-ESTIMATES,
 AND THE P-VALUE IS GIVEN FOR THE NULL HYPOTHESIS THAT THE TRUE MEAN IS 0.

 ETABAR:         1.1043E-02  3.7396E-02  6.6292E-03  0.0000E+00 -4.0619E-02 -6.1159E-03  6.3475E-03
 SE:             7.6183E-03  5.4211E-02  1.0711E-02  0.0000E+00  5.9989E-02  7.7041E-03  2.7719E-02
 N:                     183         183         183         183         183         183         183

 P VAL.:         1.4718E-01  4.9030E-01  5.3597E-01  1.0000E+00  4.9833E-01  4.2728E-01  8.1888E-01

 ETAshrink(%):   3.9761E+01  2.3346E+01  1.8611E+01  1.0000E+02  3.1784E+01  4.7233E+01  2.7956E+01
 EBVshrink(%):   3.9129E+01  1.9224E+01  1.9363E+01  0.0000E+00  3.0036E+01  4.6371E+01  2.6471E+01
 EPSshrink(%):   1.7258E+01  1.7258E+01

 #TERE:
 Elapsed estimation time in seconds:   954.86
1
 
 
 
 
 
 
 
 
 
 
 
 
 
 
 
 
 
 
 
 
 ************************************************************************************************************************
 ********************                                                                                ********************
 ********************               FIRST ORDER CONDITIONAL ESTIMATION WITH INTERACTION              ********************
 #OBJT:**************                       MINIMUM VALUE OF OBJECTIVE FUNCTION                      ********************
 ********************                                                                                ********************
 ************************************************************************************************************************
 





 #OBJV:********************************************   -12342.590       **************************************************
1
 ************************************************************************************************************************
 ********************                                                                                ********************
 ********************               FIRST ORDER CONDITIONAL ESTIMATION WITH INTERACTION              ********************
 ********************                             FINAL PARAMETER ESTIMATE                           ********************
 ********************                                                                                ********************
 ************************************************************************************************************************
 


 THETA - VECTOR OF FIXED EFFECTS PARAMETERS   *********


         TH 1      TH 2      TH 3      TH 4      TH 5      TH 6      TH 7      TH 8      TH 9      TH10      TH11      TH12     
          TH13     
 
         8.32E+00  4.38E-01  1.16E+01  5.47E+01  1.79E+00  8.97E+00  1.45E+01  1.49E+00 -1.95E-02  2.39E+01  2.82E-01 -1.29E-01
          6.59E-01
 


 OMEGA - COV MATRIX FOR RANDOM EFFECTS - ETAS  ********


            ETA1      ETA2      ETA3      ETA4      ETA5      ETA6      ETA7   
 
 ETA1
+        2.94E-02
 
 ETA2
+        0.00E+00  9.20E-01
 
 ETA3
+        0.00E+00  0.00E+00  3.19E-02
 
 ETA4
+        0.00E+00  0.00E+00  0.00E+00  0.00E+00
 
 ETA5
+        0.00E+00  0.00E+00  0.00E+00  0.00E+00  1.42E+00
 
 ETA6
+        0.00E+00  0.00E+00  0.00E+00  0.00E+00  0.00E+00  3.92E-02
 
 ETA7
+        0.00E+00  0.00E+00  0.00E+00  0.00E+00  0.00E+00  0.00E+00  2.72E-01
 


 SIGMA - COV MATRIX FOR RANDOM EFFECTS - EPSILONS  ****


            EPS1      EPS2   
 
 EPS1
+        2.26E-02
 
 EPS2
+        0.00E+00  1.00E+00
 
1


 OMEGA - CORR MATRIX FOR RANDOM EFFECTS - ETAS  *******


            ETA1      ETA2      ETA3      ETA4      ETA5      ETA6      ETA7   
 
 ETA1
+        1.72E-01
 
 ETA2
+        0.00E+00  9.59E-01
 
 ETA3
+        0.00E+00  0.00E+00  1.79E-01
 
 ETA4
+        0.00E+00  0.00E+00  0.00E+00  0.00E+00
 
 ETA5
+        0.00E+00  0.00E+00  0.00E+00  0.00E+00  1.19E+00
 
 ETA6
+        0.00E+00  0.00E+00  0.00E+00  0.00E+00  0.00E+00  1.98E-01
 
 ETA7
+        0.00E+00  0.00E+00  0.00E+00  0.00E+00  0.00E+00  0.00E+00  5.22E-01
 


 SIGMA - CORR MATRIX FOR RANDOM EFFECTS - EPSILONS  ***


            EPS1      EPS2   
 
 EPS1
+        1.50E-01
 
 EPS2
+        0.00E+00  1.00E+00
 
1


 #TBLN:      2
 #METH: Objective Function Evaluation by Importance Sampling

 ESTIMATION STEP OMITTED:                 NO  
 ANALYSIS TYPE:                           POPULATION
 CONDITIONAL ESTIMATES USED:              YES 
 CENTERED ETA:                            NO  
 EPS-ETA INTERACTION:                     YES 
 LAPLACIAN OBJ. FUNC.:                    NO  
 NO. OF FUNCT. EVALS. ALLOWED:            9999
 NO. OF SIG. FIGURES REQUIRED:            2
 INTERMEDIATE PRINTOUT:                   YES 
 ESTIMATE OUTPUT TO MSF:                  NO  
 ABORT WITH PRED EXIT CODE 1:             NO  
 IND. OBJ. FUNC. VALUES SORTED:           NO  
 NUMERICAL DERIVATIVE 
       FILE REQUEST (NUMDER):             NONE
 MAP (ETAHAT) ESTIMATION METHOD (OPTMAP): 0           
 ETA HESSIAN EVALUATION METHOD (ETADER):  0           
 INITIAL ETA FOR MAP ESTIMATION (MCETA):  0           
 SIGDIGITS FOR MAP ESTIMATION (SIGLO):    6           
 GRADIENT SIGDIGITS OF 
       FIXED EFFECTS PARAMETERS (SIGL):   6           
 EXCLUDE TITLE (NOTITLE):                 NO 
 EXCLUDE COLUMN LABELS (NOLABEL):         NO 
 NOPRIOR SETTING (NOPRIOR):               OFF
 NOCOV SETTING (NOCOV):                   OFF
 DERCONT SETTING (DERCONT):               OFF
 ABSOLUTE TOLERANCE-ADVAN 9,13 ONLY(ATOL):-100        
 FINAL ETA RE-EVALUATION (FNLETA):        ON 
 EXCLUDE NON-INFLUENTIAL (NON-INFL.) ETAS 
       IN SHRINKAGE (ETASTYPE):           NO 
 NON-INFL. ETA CORRECTION (NONINFETA):    OFF
 FORMAT FOR ADDITIONAL FILES (FORMAT):    S1PE12.5
 PARAMETER ORDER FOR OUTPUTS (ORDER):     TSOL
 EM OR BAYESIAN METHOD USED:              IMPORTANCE SAMPLING (IMP)
 MU MODELING PATTERN (MUM):               
 GRADIENT/GIBBS PATTERN (GRD):            
 AUTOMATIC SETTING FEATURE (AUTO):        OFF
 CONVERGENCE TYPE (CTYPE):                0           
 ITERATIONS (NITER):                      5           
 STARTING SEED FOR MC METHODS (SEED):     11456       
 MC SAMPLES PER SUBJECT (ISAMPLE):        1000        
 RANDOM SAMPLING METHOD (RANMETHOD):      
 EXPECTATION ONLY (EONLY):                YES
 PROPOSAL DENSITY SCALING RANGE 
              (ISCALE_MIN, ISCALE_MAX):   0.100000000000000       ,10.0000000000000        
 SAMPLE ACCEPTANCE RATE (IACCEPT):        0.400000000000000       
 T-DIST. PROPOSAL DENSITY (DF):           0           
 NO. ITERATIONS FOR MAP (MAPITER):        1           
 INTERVAL ITER. FOR MAP (MAPINTER):       0           


 THE FOLLOWING LABELS ARE EQUIVALENT
 PRED=PREDI
 RES=RESI
 WRES=WRESI
 IWRS=IWRESI
 IPRD=IPREDI
 IRS=IRESI

 EM/BAYES SETUP:
 THETAS THAT ARE MU MODELED:
 
 THETAS THAT ARE SIGMA-LIKE:
 

 MONITORING OF SEARCH:

 iteration            0  OBJ=  -12314.524170921053 eff.=     982. Smpl.=    1000. Fit.= 0.96203
 iteration            1  OBJ=  -12327.454622802445 eff.=     625. Smpl.=    1000. Fit.= 0.95580
 iteration            2  OBJ=  -12325.081275377241 eff.=     311. Smpl.=    1000. Fit.= 0.94480
 iteration            3  OBJ=  -12325.870960737386 eff.=     357. Smpl.=    1000. Fit.= 0.95295
 iteration            4  OBJ=  -12328.815728117150 eff.=     383. Smpl.=    1000. Fit.= 0.95416
 iteration            5  OBJ=  -12331.313606934837 eff.=     436. Smpl.=    1000. Fit.= 0.95511

 #TERM:
 EXPECTATION ONLY PROCESS COMPLETED
 

 ETABAR IS THE ARITHMETIC MEAN OF THE ETA-ESTIMATES,
 AND THE P-VALUE IS GIVEN FOR THE NULL HYPOTHESIS THAT THE TRUE MEAN IS 0.

 ETABAR:        -4.3377E-03 -8.2310E-02  1.4193E-02  0.0000E+00  9.8056E-02 -3.7791E-03 -5.9556E-03
 SE:             7.4668E-03  5.6174E-02  1.0777E-02  0.0000E+00  6.4357E-02  7.6407E-03  2.8171E-02
 N:                     183         183         183           0         183         183         183

 P VAL.:         5.6129E-01  1.4285E-01  1.8784E-01  1.0000E+00  1.2761E-01  6.2088E-01  8.3257E-01

 ETAshrink(%):   4.0959E+01  2.0570E+01  1.8112E+01  0.0000E+00  2.6816E+01  4.7667E+01  2.6782E+01
 EBVshrink(%):   4.0040E+01  1.7762E+01  1.9407E+01  0.0000E+00  2.5496E+01  4.5399E+01  2.7136E+01
 EPSshrink(%):   1.5894E+01  1.5894E+01

 #TERE:
 Elapsed estimation time in seconds:    48.10

 Number of Negative Eigenvalues in Matrix=           3
 Most negative value=  -7127.6922603822404     
 Most positive value=   3684679.2823106381     
 Forcing positive definiteness
 Root mean square deviation of matrix from original=   3.86792534933478671E-003

 Elapsed covariance time in seconds:  2386.95
1
 
 
 
 
 
 
 
 
 
 
 
 
 
 
 
 
 
 
 
 
 ************************************************************************************************************************
 ********************                                                                                ********************
 ********************               OBJECTIVE FUNCTION EVALUATION BY IMPORTANCE SAMPLING             ********************
 #OBJT:**************                        FINAL VALUE OF OBJECTIVE FUNCTION                       ********************
 ********************                                                                                ********************
 ************************************************************************************************************************
 





 #OBJV:********************************************   -12331.314       **************************************************
1
 ************************************************************************************************************************
 ********************                                                                                ********************
 ********************               OBJECTIVE FUNCTION EVALUATION BY IMPORTANCE SAMPLING             ********************
 ********************                             FINAL PARAMETER ESTIMATE                           ********************
 ********************                                                                                ********************
 ************************************************************************************************************************
 


 THETA - VECTOR OF FIXED EFFECTS PARAMETERS   *********


         TH 1      TH 2      TH 3      TH 4      TH 5      TH 6      TH 7      TH 8      TH 9      TH10      TH11      TH12     
          TH13     
 
         8.32E+00  4.38E-01  1.16E+01  5.47E+01  1.79E+00  8.97E+00  1.45E+01  1.49E+00 -1.95E-02  2.39E+01  2.82E-01 -1.29E-01
          6.59E-01
 


 OMEGA - COV MATRIX FOR RANDOM EFFECTS - ETAS  ********


            ETA1      ETA2      ETA3      ETA4      ETA5      ETA6      ETA7   
 
 ETA1
+        2.94E-02
 
 ETA2
+        0.00E+00  9.20E-01
 
 ETA3
+        0.00E+00  0.00E+00  3.19E-02
 
 ETA4
+        0.00E+00  0.00E+00  0.00E+00  0.00E+00
 
 ETA5
+        0.00E+00  0.00E+00  0.00E+00  0.00E+00  1.42E+00
 
 ETA6
+        0.00E+00  0.00E+00  0.00E+00  0.00E+00  0.00E+00  3.92E-02
 
 ETA7
+        0.00E+00  0.00E+00  0.00E+00  0.00E+00  0.00E+00  0.00E+00  2.72E-01
 


 SIGMA - COV MATRIX FOR RANDOM EFFECTS - EPSILONS  ****


            EPS1      EPS2   
 
 EPS1
+        2.26E-02
 
 EPS2
+        0.00E+00  1.00E+00
 
1


 OMEGA - CORR MATRIX FOR RANDOM EFFECTS - ETAS  *******


            ETA1      ETA2      ETA3      ETA4      ETA5      ETA6      ETA7   
 
 ETA1
+        1.72E-01
 
 ETA2
+        0.00E+00  9.59E-01
 
 ETA3
+        0.00E+00  0.00E+00  1.79E-01
 
 ETA4
+        0.00E+00  0.00E+00  0.00E+00  0.00E+00
 
 ETA5
+        0.00E+00  0.00E+00  0.00E+00  0.00E+00  1.19E+00
 
 ETA6
+        0.00E+00  0.00E+00  0.00E+00  0.00E+00  0.00E+00  1.98E-01
 
 ETA7
+        0.00E+00  0.00E+00  0.00E+00  0.00E+00  0.00E+00  0.00E+00  5.22E-01
 


 SIGMA - CORR MATRIX FOR RANDOM EFFECTS - EPSILONS  ***


            EPS1      EPS2   
 
 EPS1
+        1.50E-01
 
 EPS2
+        0.00E+00  1.00E+00
 
1
 ************************************************************************************************************************
 ********************                                                                                ********************
 ********************               OBJECTIVE FUNCTION EVALUATION BY IMPORTANCE SAMPLING             ********************
 ********************                          STANDARD ERROR OF ESTIMATE (R)                        ********************
 ********************                                                                                ********************
 ************************************************************************************************************************
 


 THETA - VECTOR OF FIXED EFFECTS PARAMETERS   *********


         TH 1      TH 2      TH 3      TH 4      TH 5      TH 6      TH 7      TH 8      TH 9      TH10      TH11      TH12     
          TH13     
 
         7.50E-01  1.99E-02  1.09E+00  2.08E+00  1.04E-01  2.83E-01  2.28E-01  4.68E-01  2.13E-03  2.13E+00  7.34E-02  4.89E-02
          8.44E-02
 


 OMEGA - COV MATRIX FOR RANDOM EFFECTS - ETAS  ********


            ETA1      ETA2      ETA3      ETA4      ETA5      ETA6      ETA7   
 
 ETA1
+        9.88E-03
 
 ETA2
+        0.00E+00  2.21E-01
 
 ETA3
+        0.00E+00  0.00E+00  5.34E-03
 
 ETA4
+        0.00E+00  0.00E+00  0.00E+00  0.00E+00
 
 ETA5
+        0.00E+00  0.00E+00  0.00E+00  0.00E+00  3.15E-01
 
 ETA6
+        0.00E+00  0.00E+00  0.00E+00  0.00E+00  0.00E+00  1.65E-02
 
 ETA7
+        0.00E+00  0.00E+00  0.00E+00  0.00E+00  0.00E+00  0.00E+00  7.38E-02
 


 SIGMA - COV MATRIX FOR RANDOM EFFECTS - EPSILONS  ****


            EPS1      EPS2   
 
 EPS1
+        3.04E-03
 
 EPS2
+        0.00E+00  0.00E+00
 
1


 OMEGA - CORR MATRIX FOR RANDOM EFFECTS - ETAS  *******


            ETA1      ETA2      ETA3      ETA4      ETA5      ETA6      ETA7   
 
 ETA1
+        2.88E-02
 
 ETA2
+       .........  1.15E-01
 
 ETA3
+       ......... .........  1.50E-02
 
 ETA4
+       ......... ......... ......... .........
 
 ETA5
+       ......... ......... ......... .........  1.32E-01
 
 ETA6
+       ......... ......... ......... ......... .........  4.17E-02
 
 ETA7
+       ......... ......... ......... ......... ......... .........  7.07E-02
 


 SIGMA - CORR MATRIX FOR RANDOM EFFECTS - EPSILONS  ***


            EPS1      EPS2   
 
 EPS1
+        1.01E-02
 
 EPS2
+       ......... .........
 
1
 ************************************************************************************************************************
 ********************                                                                                ********************
 ********************               OBJECTIVE FUNCTION EVALUATION BY IMPORTANCE SAMPLING             ********************
 ********************                        COVARIANCE MATRIX OF ESTIMATE (R)                       ********************
 ********************                                                                                ********************
 ************************************************************************************************************************
 

            TH 1      TH 2      TH 3      TH 4      TH 5      TH 6      TH 7      TH 8      TH 9      TH10      TH11      TH12  
             TH13      OM11      OM12      OM13      OM14      OM15      OM16      OM17      OM22      OM23      OM24      OM25  
            OM26      OM27      OM33      OM34      OM35      OM36      OM37      OM44      OM45      OM46      OM47      OM55  
             OM56      OM57      OM66      OM67      OM77      SG11      SG12      SG22  
 
 TH 1
+        5.62E-01
 
 TH 2
+        1.89E-03  3.97E-04
 
 TH 3
+       -5.28E-01 -3.97E-03  1.18E+00
 
 TH 4
+        8.28E-01  3.33E-04 -1.85E+00  4.34E+00
 
 TH 5
+       -3.95E-02 -2.33E-04  1.83E-02 -4.62E-02  1.08E-02
 
 TH 6
+        1.68E-02  2.87E-03 -9.72E-02  1.64E-01 -2.21E-03  8.02E-02
 
 TH 7
+        1.91E-02  2.49E-03 -7.39E-02  1.35E-01 -7.64E-04  3.01E-02  5.19E-02
 
 TH 8
+       -5.60E-02 -5.11E-03  3.50E-02 -1.71E-01  1.49E-02 -7.47E-02 -3.52E-02  2.19E-01
 
 TH 9
+        1.34E-04 -2.64E-05  2.18E-04 -6.44E-04  7.85E-05 -2.58E-04 -1.82E-04  5.32E-04  4.52E-06
 
 TH10
+        6.33E-01 -3.53E-04 -1.90E-01 -6.31E-01  2.32E-02 -6.78E-02 -2.28E-02  1.24E-01  2.19E-03  4.55E+00
 
 TH11
+       -1.86E-04  3.54E-05  3.11E-03 -6.40E-03  3.96E-04 -3.39E-04 -6.53E-04  2.13E-03  5.35E-05  1.71E-03  5.39E-03
 
 TH12
+        1.94E-03  5.20E-05 -3.85E-03  4.48E-03 -8.86E-05  1.08E-03  6.51E-04 -1.32E-03  2.53E-05  1.07E-03  5.45E-04  2.39E-03
 
 TH13
+       -1.74E-03  2.45E-04 -1.91E-03  1.21E-02 -1.53E-03  5.56E-03 -4.03E-03 -2.94E-02 -5.87E-05 -2.77E-02 -4.97E-04  6.90E-06
          7.12E-03
 
 OM11
+       -4.87E-05 -4.70E-05  5.75E-05  2.77E-03 -1.02E-04 -9.21E-05 -2.88E-04 -1.92E-04 -3.68E-07 -1.33E-03 -1.34E-04 -3.99E-05
          1.27E-04  9.77E-05
 
 OM12
+       ......... ......... ......... ......... ......... ......... ......... ......... ......... ......... ......... .........
         ......... ......... .........
 
 OM13
+       ......... ......... ......... ......... ......... ......... ......... ......... ......... ......... ......... .........
         ......... ......... ......... .........
 
 OM14
+       ......... ......... ......... ......... ......... ......... ......... ......... ......... ......... ......... .........
         ......... ......... ......... ......... .........
 
 OM15
+       ......... ......... ......... ......... ......... ......... ......... ......... ......... ......... ......... .........
         ......... ......... ......... ......... ......... .........
 
1

            TH 1      TH 2      TH 3      TH 4      TH 5      TH 6      TH 7      TH 8      TH 9      TH10      TH11      TH12  
             TH13      OM11      OM12      OM13      OM14      OM15      OM16      OM17      OM22      OM23      OM24      OM25  
            OM26      OM27      OM33      OM34      OM35      OM36      OM37      OM44      OM45      OM46      OM47      OM55  
             OM56      OM57      OM66      OM67      OM77      SG11      SG12      SG22  
 
 OM16
+       ......... ......... ......... ......... ......... ......... ......... ......... ......... ......... ......... .........
         ......... ......... ......... ......... ......... ......... .........
 
 OM17
+       ......... ......... ......... ......... ......... ......... ......... ......... ......... ......... ......... .........
         ......... ......... ......... ......... ......... ......... ......... .........
 
 OM22
+        4.07E-02  4.84E-04 -9.56E-02  1.94E-01 -5.72E-03  1.73E-02  8.74E-03 -2.72E-02 -1.21E-04 -7.71E-02 -1.44E-03 -5.56E-04
          4.52E-03  1.40E-04  0.00E+00  0.00E+00  0.00E+00  0.00E+00  0.00E+00  0.00E+00  4.86E-02
 
 OM23
+       ......... ......... ......... ......... ......... ......... ......... ......... ......... ......... ......... .........
         ......... ......... ......... ......... ......... ......... ......... ......... ......... .........
 
 OM24
+       ......... ......... ......... ......... ......... ......... ......... ......... ......... ......... ......... .........
         ......... ......... ......... ......... ......... ......... ......... ......... ......... ......... .........
 
 OM25
+       ......... ......... ......... ......... ......... ......... ......... ......... ......... ......... ......... .........
         ......... ......... ......... ......... ......... ......... ......... ......... ......... ......... ......... .........
 
 OM26
+       ......... ......... ......... ......... ......... ......... ......... ......... ......... ......... ......... .........
         ......... ......... ......... ......... ......... ......... ......... ......... ......... ......... ......... .........
        .........
 
 OM27
+       ......... ......... ......... ......... ......... ......... ......... ......... ......... ......... ......... .........
         ......... ......... ......... ......... ......... ......... ......... ......... ......... ......... ......... .........
        ......... .........
 
 OM33
+        1.44E-05  2.17E-05 -1.79E-04  4.69E-04 -2.87E-05  1.87E-04  1.86E-04 -3.50E-04 -1.13E-06 -5.78E-04  5.80E-05  1.61E-05
          1.55E-06 -2.19E-05  0.00E+00  0.00E+00  0.00E+00  0.00E+00  0.00E+00  0.00E+00  1.65E-06  0.00E+00  0.00E+00  0.00E+00
         0.00E+00  0.00E+00  2.86E-05
 
 OM34
+       ......... ......... ......... ......... ......... ......... ......... ......... ......... ......... ......... .........
         ......... ......... ......... ......... ......... ......... ......... ......... ......... ......... ......... .........
        ......... ......... ......... .........
 
 OM35
+       ......... ......... ......... ......... ......... ......... ......... ......... ......... ......... ......... .........
         ......... ......... ......... ......... ......... ......... ......... ......... ......... ......... ......... .........
        ......... ......... ......... ......... .........
 
 OM36
+       ......... ......... ......... ......... ......... ......... ......... ......... ......... ......... ......... .........
         ......... ......... ......... ......... ......... ......... ......... ......... ......... ......... ......... .........
        ......... ......... ......... ......... ......... .........
 
 OM37
+       ......... ......... ......... ......... ......... ......... ......... ......... ......... ......... ......... .........
         ......... ......... ......... ......... ......... ......... ......... ......... ......... ......... ......... .........
        ......... ......... ......... ......... ......... ......... .........
 
 OM44
+       ......... ......... ......... ......... ......... ......... ......... ......... ......... ......... ......... .........
         ......... ......... ......... ......... ......... ......... ......... ......... ......... ......... ......... .........
        ......... ......... ......... ......... ......... ......... ......... .........
 
1

            TH 1      TH 2      TH 3      TH 4      TH 5      TH 6      TH 7      TH 8      TH 9      TH10      TH11      TH12  
             TH13      OM11      OM12      OM13      OM14      OM15      OM16      OM17      OM22      OM23      OM24      OM25  
            OM26      OM27      OM33      OM34      OM35      OM36      OM37      OM44      OM45      OM46      OM47      OM55  
             OM56      OM57      OM66      OM67      OM77      SG11      SG12      SG22  
 
 OM45
+       ......... ......... ......... ......... ......... ......... ......... ......... ......... ......... ......... .........
         ......... ......... ......... ......... ......... ......... ......... ......... ......... ......... ......... .........
        ......... ......... ......... ......... ......... ......... ......... ......... .........
 
 OM46
+       ......... ......... ......... ......... ......... ......... ......... ......... ......... ......... ......... .........
         ......... ......... ......... ......... ......... ......... ......... ......... ......... ......... ......... .........
        ......... ......... ......... ......... ......... ......... ......... ......... ......... .........
 
 OM47
+       ......... ......... ......... ......... ......... ......... ......... ......... ......... ......... ......... .........
         ......... ......... ......... ......... ......... ......... ......... ......... ......... ......... ......... .........
        ......... ......... ......... ......... ......... ......... ......... ......... ......... ......... .........
 
 OM55
+       -5.83E-03  2.26E-03  3.77E-02 -3.27E-02 -7.01E-03  2.31E-02  1.24E-02 -7.24E-02 -2.44E-04 -1.22E-01 -3.67E-04  9.66E-04
          8.95E-03  7.11E-05  0.00E+00  0.00E+00  0.00E+00  0.00E+00  0.00E+00  0.00E+00 -7.32E-03  0.00E+00  0.00E+00  0.00E+00
         0.00E+00  0.00E+00  1.31E-04  0.00E+00  0.00E+00  0.00E+00  0.00E+00  0.00E+00  0.00E+00  0.00E+00  0.00E+00  9.92E-02
 
 OM56
+       ......... ......... ......... ......... ......... ......... ......... ......... ......... ......... ......... .........
         ......... ......... ......... ......... ......... ......... ......... ......... ......... ......... ......... .........
        ......... ......... ......... ......... ......... ......... ......... ......... ......... ......... ......... .........
         .........
 
 OM57
+       ......... ......... ......... ......... ......... ......... ......... ......... ......... ......... ......... .........
         ......... ......... ......... ......... ......... ......... ......... ......... ......... ......... ......... .........
        ......... ......... ......... ......... ......... ......... ......... ......... ......... ......... ......... .........
         ......... .........
 
 OM66
+        2.05E-03  7.51E-05 -2.86E-03  7.70E-03 -3.55E-04  1.28E-03  4.89E-04 -3.36E-03 -8.34E-06 -2.76E-03 -2.66E-05  3.71E-05
          4.45E-04 -2.97E-05  0.00E+00  0.00E+00  0.00E+00  0.00E+00  0.00E+00  0.00E+00  7.80E-04  0.00E+00  0.00E+00  0.00E+00
         0.00E+00  0.00E+00  1.62E-05  0.00E+00  0.00E+00  0.00E+00  0.00E+00  0.00E+00  0.00E+00  0.00E+00  0.00E+00  6.20E-04
          0.00E+00  0.00E+00  2.72E-04
 
 OM67
+       ......... ......... ......... ......... ......... ......... ......... ......... ......... ......... ......... .........
         ......... ......... ......... ......... ......... ......... ......... ......... ......... ......... ......... .........
        ......... ......... ......... ......... ......... ......... ......... ......... ......... ......... ......... .........
         ......... ......... ......... .........
 
 OM77
+        5.08E-03  1.20E-04  8.02E-03 -2.97E-02  6.21E-04 -1.15E-03 -2.86E-04  2.49E-03  3.70E-05  5.10E-02  1.16E-03  4.63E-04
         -1.18E-03 -6.30E-05  0.00E+00  0.00E+00  0.00E+00  0.00E+00  0.00E+00  0.00E+00 -5.55E-03  0.00E+00  0.00E+00  0.00E+00
         0.00E+00  0.00E+00 -2.28E-05  0.00E+00  0.00E+00  0.00E+00  0.00E+00  0.00E+00  0.00E+00  0.00E+00  0.00E+00 -1.53E-03
          0.00E+00  0.00E+00 -1.05E-04  0.00E+00  5.45E-03
 
 SG11
+       -4.66E-04 -5.18E-05  7.72E-04 -9.61E-04  9.00E-05 -4.06E-04 -3.34E-04  7.74E-04  4.67E-06  3.76E-04 -1.88E-06 -8.73E-06
         -5.17E-05  4.22E-06  0.00E+00  0.00E+00  0.00E+00  0.00E+00  0.00E+00  0.00E+00 -1.25E-04  0.00E+00  0.00E+00  0.00E+00
         0.00E+00  0.00E+00 -2.95E-06  0.00E+00  0.00E+00  0.00E+00  0.00E+00  0.00E+00  0.00E+00  0.00E+00  0.00E+00 -3.39E-04
          0.00E+00  0.00E+00 -1.36E-05  0.00E+00 -1.01E-05  9.25E-06
 
1

            TH 1      TH 2      TH 3      TH 4      TH 5      TH 6      TH 7      TH 8      TH 9      TH10      TH11      TH12  
             TH13      OM11      OM12      OM13      OM14      OM15      OM16      OM17      OM22      OM23      OM24      OM25  
            OM26      OM27      OM33      OM34      OM35      OM36      OM37      OM44      OM45      OM46      OM47      OM55  
             OM56      OM57      OM66      OM67      OM77      SG11      SG12      SG22  
 
 SG12
+       ......... ......... ......... ......... ......... ......... ......... ......... ......... ......... ......... .........
         ......... ......... ......... ......... ......... ......... ......... ......... ......... ......... ......... .........
        ......... ......... ......... ......... ......... ......... ......... ......... ......... ......... ......... .........
         ......... ......... ......... ......... ......... ......... .........
 
 SG22
+       ......... ......... ......... ......... ......... ......... ......... ......... ......... ......... ......... .........
         ......... ......... ......... ......... ......... ......... ......... ......... ......... ......... ......... .........
        ......... ......... ......... ......... ......... ......... ......... ......... ......... ......... ......... .........
         ......... ......... ......... ......... ......... ......... ......... .........
 
1
 ************************************************************************************************************************
 ********************                                                                                ********************
 ********************               OBJECTIVE FUNCTION EVALUATION BY IMPORTANCE SAMPLING             ********************
 ********************                        CORRELATION MATRIX OF ESTIMATE (R)                      ********************
 ********************                                                                                ********************
 ************************************************************************************************************************
 

            TH 1      TH 2      TH 3      TH 4      TH 5      TH 6      TH 7      TH 8      TH 9      TH10      TH11      TH12  
             TH13      OM11      OM12      OM13      OM14      OM15      OM16      OM17      OM22      OM23      OM24      OM25  
            OM26      OM27      OM33      OM34      OM35      OM36      OM37      OM44      OM45      OM46      OM47      OM55  
             OM56      OM57      OM66      OM67      OM77      SG11      SG12      SG22  
 
 TH 1
+        7.50E-01
 
 TH 2
+        1.26E-01  1.99E-02
 
 TH 3
+       -6.48E-01 -1.83E-01  1.09E+00
 
 TH 4
+        5.30E-01  8.01E-03 -8.19E-01  2.08E+00
 
 TH 5
+       -5.08E-01 -1.13E-01  1.62E-01 -2.14E-01  1.04E-01
 
 TH 6
+        7.92E-02  5.09E-01 -3.16E-01  2.79E-01 -7.52E-02  2.83E-01
 
 TH 7
+        1.12E-01  5.49E-01 -2.99E-01  2.85E-01 -3.23E-02  4.66E-01  2.28E-01
 
 TH 8
+       -1.60E-01 -5.48E-01  6.87E-02 -1.76E-01  3.06E-01 -5.63E-01 -3.30E-01  4.68E-01
 
 TH 9
+        8.41E-02 -6.23E-01  9.46E-02 -1.45E-01  3.56E-01 -4.29E-01 -3.76E-01  5.34E-01  2.13E-03
 
 TH10
+        3.96E-01 -8.31E-03 -8.21E-02 -1.42E-01  1.05E-01 -1.12E-01 -4.70E-02  1.24E-01  4.83E-01  2.13E+00
 
 TH11
+       -3.38E-03  2.42E-02  3.90E-02 -4.18E-02  5.19E-02 -1.63E-02 -3.90E-02  6.18E-02  3.43E-01  1.09E-02  7.34E-02
 
 TH12
+        5.31E-02  5.34E-02 -7.25E-02  4.41E-02 -1.75E-02  7.82E-02  5.85E-02 -5.76E-02  2.44E-01  1.03E-02  1.52E-01  4.89E-02
 
 TH13
+       -2.75E-02  1.46E-01 -2.09E-02  6.90E-02 -1.74E-01  2.33E-01 -2.10E-01 -7.44E-01 -3.27E-01 -1.54E-01 -8.01E-02  1.67E-03
          8.44E-02
 
 OM11
+       -6.58E-03 -2.38E-01  5.35E-03  1.35E-01 -9.91E-02 -3.29E-02 -1.28E-01 -4.15E-02 -1.75E-02 -6.31E-02 -1.85E-01 -8.26E-02
          1.53E-01  9.88E-03
 
 OM12
+       ......... ......... ......... ......... ......... ......... ......... ......... ......... ......... ......... .........
         ......... ......... .........
 
 OM13
+       ......... ......... ......... ......... ......... ......... ......... ......... ......... ......... ......... .........
         ......... ......... ......... .........
 
 OM14
+       ......... ......... ......... ......... ......... ......... ......... ......... ......... ......... ......... .........
         ......... ......... ......... ......... .........
 
 OM15
+       ......... ......... ......... ......... ......... ......... ......... ......... ......... ......... ......... .........
         ......... ......... ......... ......... ......... .........
 
1

            TH 1      TH 2      TH 3      TH 4      TH 5      TH 6      TH 7      TH 8      TH 9      TH10      TH11      TH12  
             TH13      OM11      OM12      OM13      OM14      OM15      OM16      OM17      OM22      OM23      OM24      OM25  
            OM26      OM27      OM33      OM34      OM35      OM36      OM37      OM44      OM45      OM46      OM47      OM55  
             OM56      OM57      OM66      OM67      OM77      SG11      SG12      SG22  
 
 OM16
+       ......... ......... ......... ......... ......... ......... ......... ......... ......... ......... ......... .........
         ......... ......... ......... ......... ......... ......... .........
 
 OM17
+       ......... ......... ......... ......... ......... ......... ......... ......... ......... ......... ......... .........
         ......... ......... ......... ......... ......... ......... ......... .........
 
 OM22
+        2.46E-01  1.10E-01 -3.99E-01  4.23E-01 -2.50E-01  2.77E-01  1.74E-01 -2.63E-01 -2.58E-01 -1.64E-01 -8.87E-02 -5.16E-02
          2.43E-01  6.41E-02  0.00E+00  0.00E+00  0.00E+00  0.00E+00  0.00E+00  0.00E+00  2.21E-01
 
 OM23
+       ......... ......... ......... ......... ......... ......... ......... ......... ......... ......... ......... .........
         ......... ......... ......... ......... ......... ......... ......... ......... ......... .........
 
 OM24
+       ......... ......... ......... ......... ......... ......... ......... ......... ......... ......... ......... .........
         ......... ......... ......... ......... ......... ......... ......... ......... ......... ......... .........
 
 OM25
+       ......... ......... ......... ......... ......... ......... ......... ......... ......... ......... ......... .........
         ......... ......... ......... ......... ......... ......... ......... ......... ......... ......... ......... .........
 
 OM26
+       ......... ......... ......... ......... ......... ......... ......... ......... ......... ......... ......... .........
         ......... ......... ......... ......... ......... ......... ......... ......... ......... ......... ......... .........
        .........
 
 OM27
+       ......... ......... ......... ......... ......... ......... ......... ......... ......... ......... ......... .........
         ......... ......... ......... ......... ......... ......... ......... ......... ......... ......... ......... .........
        ......... .........
 
 OM33
+        3.60E-03  2.04E-01 -3.08E-02  4.22E-02 -5.18E-02  1.24E-01  1.53E-01 -1.40E-01 -9.92E-02 -5.07E-02  1.48E-01  6.16E-02
          3.43E-03 -4.14E-01  0.00E+00  0.00E+00  0.00E+00  0.00E+00  0.00E+00  0.00E+00  1.40E-03  0.00E+00  0.00E+00  0.00E+00
         0.00E+00  0.00E+00  5.34E-03
 
 OM34
+       ......... ......... ......... ......... ......... ......... ......... ......... ......... ......... ......... .........
         ......... ......... ......... ......... ......... ......... ......... ......... ......... ......... ......... .........
        ......... ......... ......... .........
 
 OM35
+       ......... ......... ......... ......... ......... ......... ......... ......... ......... ......... ......... .........
         ......... ......... ......... ......... ......... ......... ......... ......... ......... ......... ......... .........
        ......... ......... ......... ......... .........
 
 OM36
+       ......... ......... ......... ......... ......... ......... ......... ......... ......... ......... ......... .........
         ......... ......... ......... ......... ......... ......... ......... ......... ......... ......... ......... .........
        ......... ......... ......... ......... ......... .........
 
 OM37
+       ......... ......... ......... ......... ......... ......... ......... ......... ......... ......... ......... .........
         ......... ......... ......... ......... ......... ......... ......... ......... ......... ......... ......... .........
        ......... ......... ......... ......... ......... ......... .........
 
 OM44
+       ......... ......... ......... ......... ......... ......... ......... ......... ......... ......... ......... .........
         ......... ......... ......... ......... ......... ......... ......... ......... ......... ......... ......... .........
        ......... ......... ......... ......... ......... ......... ......... .........
 
1

            TH 1      TH 2      TH 3      TH 4      TH 5      TH 6      TH 7      TH 8      TH 9      TH10      TH11      TH12  
             TH13      OM11      OM12      OM13      OM14      OM15      OM16      OM17      OM22      OM23      OM24      OM25  
            OM26      OM27      OM33      OM34      OM35      OM36      OM37      OM44      OM45      OM46      OM47      OM55  
             OM56      OM57      OM66      OM67      OM77      SG11      SG12      SG22  
 
 OM45
+       ......... ......... ......... ......... ......... ......... ......... ......... ......... ......... ......... .........
         ......... ......... ......... ......... ......... ......... ......... ......... ......... ......... ......... .........
        ......... ......... ......... ......... ......... ......... ......... ......... .........
 
 OM46
+       ......... ......... ......... ......... ......... ......... ......... ......... ......... ......... ......... .........
         ......... ......... ......... ......... ......... ......... ......... ......... ......... ......... ......... .........
        ......... ......... ......... ......... ......... ......... ......... ......... ......... .........
 
 OM47
+       ......... ......... ......... ......... ......... ......... ......... ......... ......... ......... ......... .........
         ......... ......... ......... ......... ......... ......... ......... ......... ......... ......... ......... .........
        ......... ......... ......... ......... ......... ......... ......... ......... ......... ......... .........
 
 OM55
+       -2.47E-02  3.60E-01  1.10E-01 -4.99E-02 -2.15E-01  2.59E-01  1.73E-01 -4.91E-01 -3.64E-01 -1.82E-01 -1.59E-02  6.28E-02
          3.37E-01  2.28E-02  0.00E+00  0.00E+00  0.00E+00  0.00E+00  0.00E+00  0.00E+00 -1.05E-01  0.00E+00  0.00E+00  0.00E+00
         0.00E+00  0.00E+00  7.81E-02  0.00E+00  0.00E+00  0.00E+00  0.00E+00  0.00E+00  0.00E+00  0.00E+00  0.00E+00  3.15E-01
 
 OM56
+       ......... ......... ......... ......... ......... ......... ......... ......... ......... ......... ......... .........
         ......... ......... ......... ......... ......... ......... ......... ......... ......... ......... ......... .........
        ......... ......... ......... ......... ......... ......... ......... ......... ......... ......... ......... .........
         .........
 
 OM57
+       ......... ......... ......... ......... ......... ......... ......... ......... ......... ......... ......... .........
         ......... ......... ......... ......... ......... ......... ......... ......... ......... ......... ......... .........
        ......... ......... ......... ......... ......... ......... ......... ......... ......... ......... ......... .........
         ......... .........
 
 OM66
+        1.65E-01  2.28E-01 -1.59E-01  2.24E-01 -2.08E-01  2.75E-01  1.30E-01 -4.35E-01 -2.38E-01 -7.83E-02 -2.20E-02  4.59E-02
          3.19E-01 -1.82E-01  0.00E+00  0.00E+00  0.00E+00  0.00E+00  0.00E+00  0.00E+00  2.14E-01  0.00E+00  0.00E+00  0.00E+00
         0.00E+00  0.00E+00  1.83E-01  0.00E+00  0.00E+00  0.00E+00  0.00E+00  0.00E+00  0.00E+00  0.00E+00  0.00E+00  1.19E-01
          0.00E+00  0.00E+00  1.65E-02
 
 OM67
+       ......... ......... ......... ......... ......... ......... ......... ......... ......... ......... ......... .........
         ......... ......... ......... ......... ......... ......... ......... ......... ......... ......... ......... .........
        ......... ......... ......... ......... ......... ......... ......... ......... ......... ......... ......... .........
         ......... ......... ......... .........
 
 OM77
+        9.17E-02  8.17E-02  1.00E-01 -1.93E-01  8.11E-02 -5.52E-02 -1.70E-02  7.21E-02  2.36E-01  3.24E-01  2.14E-01  1.28E-01
         -1.89E-01 -8.64E-02  0.00E+00  0.00E+00  0.00E+00  0.00E+00  0.00E+00  0.00E+00 -3.41E-01  0.00E+00  0.00E+00  0.00E+00
         0.00E+00  0.00E+00 -5.77E-02  0.00E+00  0.00E+00  0.00E+00  0.00E+00  0.00E+00  0.00E+00  0.00E+00  0.00E+00 -6.59E-02
          0.00E+00  0.00E+00 -8.64E-02  0.00E+00  7.38E-02
 
 SG11
+       -2.04E-01 -8.54E-01  2.34E-01 -1.52E-01  2.85E-01 -4.71E-01 -4.82E-01  5.43E-01  7.23E-01  5.79E-02 -8.43E-03 -5.87E-02
         -2.01E-01  1.40E-01  0.00E+00  0.00E+00  0.00E+00  0.00E+00  0.00E+00  0.00E+00 -1.87E-01  0.00E+00  0.00E+00  0.00E+00
         0.00E+00  0.00E+00 -1.82E-01  0.00E+00  0.00E+00  0.00E+00  0.00E+00  0.00E+00  0.00E+00  0.00E+00  0.00E+00 -3.54E-01
          0.00E+00  0.00E+00 -2.72E-01  0.00E+00 -4.52E-02  3.04E-03
 
1

            TH 1      TH 2      TH 3      TH 4      TH 5      TH 6      TH 7      TH 8      TH 9      TH10      TH11      TH12  
             TH13      OM11      OM12      OM13      OM14      OM15      OM16      OM17      OM22      OM23      OM24      OM25  
            OM26      OM27      OM33      OM34      OM35      OM36      OM37      OM44      OM45      OM46      OM47      OM55  
             OM56      OM57      OM66      OM67      OM77      SG11      SG12      SG22  
 
 SG12
+       ......... ......... ......... ......... ......... ......... ......... ......... ......... ......... ......... .........
         ......... ......... ......... ......... ......... ......... ......... ......... ......... ......... ......... .........
        ......... ......... ......... ......... ......... ......... ......... ......... ......... ......... ......... .........
         ......... ......... ......... ......... ......... ......... .........
 
 SG22
+       ......... ......... ......... ......... ......... ......... ......... ......... ......... ......... ......... .........
         ......... ......... ......... ......... ......... ......... ......... ......... ......... ......... ......... .........
        ......... ......... ......... ......... ......... ......... ......... ......... ......... ......... ......... .........
         ......... ......... ......... ......... ......... ......... ......... .........
 
1
 ************************************************************************************************************************
 ********************                                                                                ********************
 ********************               OBJECTIVE FUNCTION EVALUATION BY IMPORTANCE SAMPLING             ********************
 ********************                    INVERSE COVARIANCE MATRIX OF ESTIMATE (R)                   ********************
 ********************                                                                                ********************
 ************************************************************************************************************************
 

            TH 1      TH 2      TH 3      TH 4      TH 5      TH 6      TH 7      TH 8      TH 9      TH10      TH11      TH12  
             TH13      OM11      OM12      OM13      OM14      OM15      OM16      OM17      OM22      OM23      OM24      OM25  
            OM26      OM27      OM33      OM34      OM35      OM36      OM37      OM44      OM45      OM46      OM47      OM55  
             OM56      OM57      OM66      OM67      OM77      SG11      SG12      SG22  
 
 TH 1
+        1.17E+01
 
 TH 2
+       -1.06E+02  1.22E+04
 
 TH 3
+        2.27E+00 -2.78E+01  8.71E-01
 
 TH 4
+       -1.33E+00  1.59E+01 -1.15E-01  5.31E-01
 
 TH 5
+        4.05E+01 -8.87E+02  4.78E+00 -4.95E+00  3.15E+02
 
 TH 6
+        3.23E+00 -1.03E+01  1.69E+00 -1.84E-01 -4.76E+00  2.27E+01
 
 TH 7
+        9.49E+00 -2.81E+01  4.99E+00 -5.74E-01 -1.01E-01  0.00E+00  6.44E+01
 
 TH 8
+        9.04E+00 -9.10E+01  4.39E+00 -8.45E-01 -6.59E+00  1.71E+01  4.23E+01  2.88E+01
 
 TH 9
+       -2.92E+03  6.68E+04 -3.86E+02  2.41E+02 -1.98E+04  8.65E+02  5.40E+02 -5.57E+02  3.64E+06
 
 TH10
+       -4.51E-01 -1.46E+01 -1.43E-01  9.93E-02  1.77E+00 -4.26E-01 -8.11E-01 -2.35E-01 -1.05E+03  7.32E-01
 
 TH11
+        2.36E+01 -4.72E+02  3.97E+00 -1.63E+00  1.58E+02 -9.09E+00  5.91E-01  9.76E+00 -3.02E+04  9.37E+00  4.57E+02
 
 TH12
+        2.98E+01 -6.61E+02  4.76E+00 -3.00E+00  2.02E+02 -1.14E+01 -5.11E+00  2.70E+00 -3.71E+04  1.09E+01  2.74E+02  8.20E+02
 
 TH13
+        4.75E+01 -3.04E+02  2.24E+01 -5.08E+00 -5.65E+01  8.97E+01  2.72E+02  1.61E+02  6.11E+03 -6.78E+00 -2.12E+01 -7.82E+01
          9.46E+02
 
 OM11
+        7.69E+01  2.95E+03  2.71E+01 -1.22E+01  3.23E+02  1.24E+01  9.12E+01  2.06E+02 -1.41E+04 -2.39E+00  2.86E+02  2.96E+02
          4.72E+02  1.53E+04
 
 OM12
+       ......... ......... ......... ......... ......... ......... ......... ......... ......... ......... ......... .........
         ......... ......... .........
 
 OM13
+       ......... ......... ......... ......... ......... ......... ......... ......... ......... ......... ......... .........
         ......... ......... ......... .........
 
 OM14
+       ......... ......... ......... ......... ......... ......... ......... ......... ......... ......... ......... .........
         ......... ......... ......... ......... .........
 
 OM15
+       ......... ......... ......... ......... ......... ......... ......... ......... ......... ......... ......... .........
         ......... ......... ......... ......... ......... .........
 
1

            TH 1      TH 2      TH 3      TH 4      TH 5      TH 6      TH 7      TH 8      TH 9      TH10      TH11      TH12  
             TH13      OM11      OM12      OM13      OM14      OM15      OM16      OM17      OM22      OM23      OM24      OM25  
            OM26      OM27      OM33      OM34      OM35      OM36      OM37      OM44      OM45      OM46      OM47      OM55  
             OM56      OM57      OM66      OM67      OM77      SG11      SG12      SG22  
 
 OM16
+       ......... ......... ......... ......... ......... ......... ......... ......... ......... ......... ......... .........
         ......... ......... ......... ......... ......... ......... .........
 
 OM17
+       ......... ......... ......... ......... ......... ......... ......... ......... ......... ......... ......... .........
         ......... ......... ......... ......... ......... ......... ......... .........
 
 OM22
+        1.29E+00  2.69E+01  2.64E+00  1.13E-02  1.52E+01 -5.14E-01  2.91E-01  4.48E+00 -8.55E+02  4.63E-01  5.06E+00  1.57E+01
         -1.50E+01  9.77E+00  0.00E+00  0.00E+00  0.00E+00  0.00E+00  0.00E+00  0.00E+00  3.31E+01
 
 OM23
+       ......... ......... ......... ......... ......... ......... ......... ......... ......... ......... ......... .........
         ......... ......... ......... ......... ......... ......... ......... ......... ......... .........
 
 OM24
+       ......... ......... ......... ......... ......... ......... ......... ......... ......... ......... ......... .........
         ......... ......... ......... ......... ......... ......... ......... ......... ......... ......... .........
 
 OM25
+       ......... ......... ......... ......... ......... ......... ......... ......... ......... ......... ......... .........
         ......... ......... ......... ......... ......... ......... ......... ......... ......... ......... ......... .........
 
 OM26
+       ......... ......... ......... ......... ......... ......... ......... ......... ......... ......... ......... .........
         ......... ......... ......... ......... ......... ......... ......... ......... ......... ......... ......... .........
        .........
 
 OM27
+       ......... ......... ......... ......... ......... ......... ......... ......... ......... ......... ......... .........
         ......... ......... ......... ......... ......... ......... ......... ......... ......... ......... ......... .........
        ......... .........
 
 OM33
+        1.17E+02 -1.39E+02  3.55E+01 -1.56E+01  4.13E+02  6.33E+01  1.55E+02  2.65E+02 -2.16E+04 -3.46E+00 -1.71E+02  1.84E+02
          9.95E+02  1.03E+04  0.00E+00  0.00E+00  0.00E+00  0.00E+00  0.00E+00  0.00E+00  8.68E+01  0.00E+00  0.00E+00  0.00E+00
         0.00E+00  0.00E+00  4.66E+04
 
 OM34
+       ......... ......... ......... ......... ......... ......... ......... ......... ......... ......... ......... .........
         ......... ......... ......... ......... ......... ......... ......... ......... ......... ......... ......... .........
        ......... ......... ......... .........
 
 OM35
+       ......... ......... ......... ......... ......... ......... ......... ......... ......... ......... ......... .........
         ......... ......... ......... ......... ......... ......... ......... ......... ......... ......... ......... .........
        ......... ......... ......... ......... .........
 
 OM36
+       ......... ......... ......... ......... ......... ......... ......... ......... ......... ......... ......... .........
         ......... ......... ......... ......... ......... ......... ......... ......... ......... ......... ......... .........
        ......... ......... ......... ......... ......... .........
 
 OM37
+       ......... ......... ......... ......... ......... ......... ......... ......... ......... ......... ......... .........
         ......... ......... ......... ......... ......... ......... ......... ......... ......... ......... ......... .........
        ......... ......... ......... ......... ......... ......... .........
 
 OM44
+       ......... ......... ......... ......... ......... ......... ......... ......... ......... ......... ......... .........
         ......... ......... ......... ......... ......... ......... ......... ......... ......... ......... ......... .........
        ......... ......... ......... ......... ......... ......... ......... .........
 
1

            TH 1      TH 2      TH 3      TH 4      TH 5      TH 6      TH 7      TH 8      TH 9      TH10      TH11      TH12  
             TH13      OM11      OM12      OM13      OM14      OM15      OM16      OM17      OM22      OM23      OM24      OM25  
            OM26      OM27      OM33      OM34      OM35      OM36      OM37      OM44      OM45      OM46      OM47      OM55  
             OM56      OM57      OM66      OM67      OM77      SG11      SG12      SG22  
 
 OM45
+       ......... ......... ......... ......... ......... ......... ......... ......... ......... ......... ......... .........
         ......... ......... ......... ......... ......... ......... ......... ......... ......... ......... ......... .........
        ......... ......... ......... ......... ......... ......... ......... ......... .........
 
 OM46
+       ......... ......... ......... ......... ......... ......... ......... ......... ......... ......... ......... .........
         ......... ......... ......... ......... ......... ......... ......... ......... ......... ......... ......... .........
        ......... ......... ......... ......... ......... ......... ......... ......... ......... .........
 
 OM47
+       ......... ......... ......... ......... ......... ......... ......... ......... ......... ......... ......... .........
         ......... ......... ......... ......... ......... ......... ......... ......... ......... ......... ......... .........
        ......... ......... ......... ......... ......... ......... ......... ......... ......... ......... .........
 
 OM55
+        1.53E+00  3.03E+01  1.06E+00  4.13E-01  1.01E+01  1.41E+00  2.79E+00  1.28E+01 -5.28E+02  2.82E-01  2.21E+00  3.55E+00
          1.81E+01 -1.72E+01  0.00E+00  0.00E+00  0.00E+00  0.00E+00  0.00E+00  0.00E+00  6.08E+00  0.00E+00  0.00E+00  0.00E+00
         0.00E+00  0.00E+00  1.88E+01  0.00E+00  0.00E+00  0.00E+00  0.00E+00  0.00E+00  0.00E+00  0.00E+00  0.00E+00  1.46E+01
 
 OM56
+       ......... ......... ......... ......... ......... ......... ......... ......... ......... ......... ......... .........
         ......... ......... ......... ......... ......... ......... ......... ......... ......... ......... ......... .........
        ......... ......... ......... ......... ......... ......... ......... ......... ......... ......... ......... .........
         .........
 
 OM57
+       ......... ......... ......... ......... ......... ......... ......... ......... ......... ......... ......... .........
         ......... ......... ......... ......... ......... ......... ......... ......... ......... ......... ......... .........
        ......... ......... ......... ......... ......... ......... ......... ......... ......... ......... ......... .........
         ......... .........
 
 OM66
+        4.51E+01  1.33E+03  4.02E+01  3.62E+00  1.59E+02  2.34E+01  1.00E+02  2.19E+02 -1.36E+04  2.76E+00  1.25E+02  1.54E+02
          5.41E+02  2.02E+03  0.00E+00  0.00E+00  0.00E+00  0.00E+00  0.00E+00  0.00E+00 -9.00E+00  0.00E+00  0.00E+00  0.00E+00
         0.00E+00  0.00E+00 -2.77E+02  0.00E+00  0.00E+00  0.00E+00  0.00E+00  0.00E+00  0.00E+00  0.00E+00  0.00E+00  1.92E+01
          0.00E+00  0.00E+00  5.12E+03
 
 OM67
+       ......... ......... ......... ......... ......... ......... ......... ......... ......... ......... ......... .........
         ......... ......... ......... ......... ......... ......... ......... ......... ......... ......... ......... .........
        ......... ......... ......... ......... ......... ......... ......... ......... ......... ......... ......... .........
         ......... ......... ......... .........
 
 OM77
+        3.83E+00  9.97E+01  5.64E+00  2.18E+00  4.28E+00  5.03E+00  2.24E+01  3.17E+01 -2.03E+03 -1.21E+00 -2.95E+01 -8.15E+00
          1.43E+02  4.15E+01  0.00E+00  0.00E+00  0.00E+00  0.00E+00  0.00E+00  0.00E+00  2.52E+01  0.00E+00  0.00E+00  0.00E+00
         0.00E+00  0.00E+00  4.50E+02  0.00E+00  0.00E+00  0.00E+00  0.00E+00  0.00E+00  0.00E+00  0.00E+00  0.00E+00  8.16E+00
          0.00E+00  0.00E+00  5.32E+01  0.00E+00  2.66E+02
 
 SG11
+        1.59E+03  7.32E+04  1.28E+03  3.85E+02  4.52E+03  6.32E+02  1.50E+03  3.75E+03 -1.28E+06  3.83E+02  1.00E+04  1.41E+04
          1.25E+04  5.56E+03  0.00E+00  0.00E+00  0.00E+00  0.00E+00  0.00E+00  0.00E+00  3.36E+02  0.00E+00  0.00E+00  0.00E+00
         0.00E+00  0.00E+00  1.23E+04  0.00E+00  0.00E+00  0.00E+00  0.00E+00  0.00E+00  0.00E+00  0.00E+00  0.00E+00  1.15E+02
          0.00E+00  0.00E+00  5.93E+03  0.00E+00  1.93E+03  9.42E+05
 
1

            TH 1      TH 2      TH 3      TH 4      TH 5      TH 6      TH 7      TH 8      TH 9      TH10      TH11      TH12  
             TH13      OM11      OM12      OM13      OM14      OM15      OM16      OM17      OM22      OM23      OM24      OM25  
            OM26      OM27      OM33      OM34      OM35      OM36      OM37      OM44      OM45      OM46      OM47      OM55  
             OM56      OM57      OM66      OM67      OM77      SG11      SG12      SG22  
 
 SG12
+       ......... ......... ......... ......... ......... ......... ......... ......... ......... ......... ......... .........
         ......... ......... ......... ......... ......... ......... ......... ......... ......... ......... ......... .........
        ......... ......... ......... ......... ......... ......... ......... ......... ......... ......... ......... .........
         ......... ......... ......... ......... ......... ......... .........
 
 SG22
+       ......... ......... ......... ......... ......... ......... ......... ......... ......... ......... ......... .........
         ......... ......... ......... ......... ......... ......... ......... ......... ......... ......... ......... .........
        ......... ......... ......... ......... ......... ......... ......... ......... ......... ......... ......... .........
         ......... ......... ......... ......... ......... ......... ......... .........
 
 #CPUT: Total CPU Time in Seconds,    69237.434
Stop Time:
Mon Apr  6 19:14:40 CEST 2015
