Mon Mar  7 14:12:42 CET 2016
$PROBLEM    ggxpose test run
$INPUT      ID OCC DOSE AMT SS II TAD TIME DV CLCR AGE SEX CLASS WT
            ACE MED1 MED2 EVID
$DATA      ggxpose_test_dataset.csv IGNORE=@
$SUBROUTINE ADVAN2 TRANS1
$PK   
   TVCL  = THETA(1) * (1 + THETA(6) * (CLCR - 65))
   CL    = TVCL * EXP(ETA(1))

   TVV   = THETA(2) * WT
   V     = TVV * EXP(ETA(2))  

   TVKA  = THETA(3)
   KA    = TVKA * EXP(ETA(3))

   ALAG1 = THETA(4)

   K     = CL/V
   S2    = V

$ERROR    
 A1    = A(1)
 A2    = A(2)
 
 IPRED = LOG(0.025)
 IF(F.GT.0) IPRED = LOG(F)

 W     = THETA(5)
 IRES  = IPRED - DV
 IWRES = IRES/W
 
 Y     = IPRED + ERR(1) * W
     
$THETA  (0,26.5055) ; Th1. CL
 (0,1.42569) ; Th2. V
 (0,3.51068) ; Th3. KA
 (0,0.232223) ; Th4. LAG
 (0,0.371944) ; Th5. Add ERR
 (0,0.00651728,0.02941) ; Th6. CRCL on CL
$OMEGA  0.0419341  ;  Om1.1. CL
 0.0135816  ;   Om2.2. V
 2.55683  ;  Om3.3. KA
$SIGMA  1  FIX  ; Sig1.1. Err
$ESTIMATION METHOD=1 INTER MAXEVALS=9999 PRINT=5 NOABORT
$TABLE      ID OCC DOSE AMT SS II TIME TAD IPRED CWRES IWRES EVID
            ONEHEADER NOPRINT FILE=sdtab001
$TABLE      ID SEX CLASS ACE MED1 MED2 ONEHEADER NOPRINT FILE=catab001
$TABLE      ID CLCR AGE WT ONEHEADER NOPRINT FILE=cotab001
$TABLE      ID KA CL V ALAG1 ETAS(1:LAST) ONEHEADER NOPRINT
            FILE=patab001


NM-TRAN MESSAGES
  
 WARNINGS AND ERRORS (IF ANY) FOR PROBLEM    1
             
 (WARNING  2) NM-TRAN INFERS THAT THE DATA ARE POPULATION.

License Registered to: Uppsala University
Expiration Date:    14 APR 2016
Current Date:        7 MAR 2016
Days until program expires :  37
1NONLINEAR MIXED EFFECTS MODEL PROGRAM (NONMEM) VERSION 7.3.0
 ORIGINALLY DEVELOPED BY STUART BEAL, LEWIS SHEINER, AND ALISON BOECKMANN
 CURRENT DEVELOPERS ARE ROBERT BAUER, ICON DEVELOPMENT SOLUTIONS,
 AND ALISON BOECKMANN. IMPLEMENTATION, EFFICIENCY, AND STANDARDIZATION
 PERFORMED BY NOUS INFOSYSTEMS.
 
 PROBLEM NO.:         1
 ggxpose test run                                                        
0DATA CHECKOUT RUN:              NO 
 DATA SET LOCATED ON UNIT NO.:    2
 THIS UNIT TO BE REWOUND:        NO 
 NO. OF DATA RECS IN DATA SET:     1166
 NO. OF DATA ITEMS IN DATA SET:  19
 ID DATA ITEM IS DATA ITEM NO.:   1
 DEP VARIABLE IS DATA ITEM NO.:   9
 MDV DATA ITEM IS DATA ITEM NO.: 19
0INDICES PASSED TO SUBROUTINE PRED:
  18   8   4   0   5   6   0   0   0   0   0
0LABELS FOR DATA ITEMS:
 ID OCC DOSE AMT SS II TAD TIME DV CLCR AGE SEX CLASS WT ACE MED1 MED2 EVID MDV
0(NONBLANK) LABELS FOR PRED-DEFINED ITEMS:
 CL V KA ALAG1 IPRED IWRES
0FORMAT FOR DATA:
 (E2.0,E1.0,2E3.0,E1.0,E2.0,2E8.0,E20.0,E3.0,E2.0,2E1.0,5E3.0,1F2.0)             
 
 TOT. NO. OF OBS RECS:     1022
 TOT. NO. OF INDIVIDUALS:     74
0LENGTH OF THETA:   6
0DEFAULT THETA BOUNDARY TEST OMITTED:    NO 
0OMEGA HAS SIMPLE DIAGONAL FORM WITH DIMENSION:   3
0DEFAULT OMEGA BOUNDARY TEST OMITTED:    NO 
0SIGMA HAS SIMPLE DIAGONAL FORM WITH DIMENSION:   1
0DEFAULT SIGMA BOUNDARY TEST OMITTED:    NO 
0INITIAL ESTIMATE OF THETA:
 LOWER BOUND    INITIAL EST    UPPER BOUND
  0.0000E+00     0.2651E+02     0.1000E+07
  0.0000E+00     0.1426E+01     0.1000E+07
  0.0000E+00     0.3511E+01     0.1000E+07
  0.0000E+00     0.2322E+00     0.1000E+07
  0.0000E+00     0.3719E+00     0.1000E+07
  0.0000E+00     0.6517E-02     0.2941E-01
0INITIAL ESTIMATE OF OMEGA:
 0.4193E-01
 0.0000E+00   0.1358E-01
 0.0000E+00   0.0000E+00   0.2557E+01
0INITIAL ESTIMATE OF SIGMA:
 0.1000E+01
0SIGMA CONSTRAINED TO BE THIS INITIAL ESTIMATE
0TABLES STEP OMITTED:    NO 
 NO. OF TABLES:           4
 SEED NUMBER (SEED):    11456       
 RANMETHOD:                                 
 MC SAMPLES (ESEED):    300         
 WRES SQUARE ROOT TYPE:            EIGENVALUE
0-- TABLE   1 --
 PRINTED:                NO 
 HEADERS:               ONE
 FILE TO BE FORWARDED:   NO 
 FORMAT:                S1PE11.4
 LFORMAT:               
 RFORMAT:               
0USER-CHOSEN ITEMS:
 ID OCC DOSE AMT SS II TIME TAD IPRED CWRES IWRES EVID
0-- TABLE   2 --
 PRINTED:                NO 
 HEADERS:               ONE
 FILE TO BE FORWARDED:   NO 
 FORMAT:                S1PE11.4
 LFORMAT:               
 RFORMAT:               
0USER-CHOSEN ITEMS:
 ID SEX CLASS ACE MED1 MED2
0-- TABLE   3 --
 PRINTED:                NO 
 HEADERS:               ONE
 FILE TO BE FORWARDED:   NO 
 FORMAT:                S1PE11.4
 LFORMAT:               
 RFORMAT:               
0USER-CHOSEN ITEMS:
 ID CLCR AGE WT
0-- TABLE   4 --
 PRINTED:                NO 
 HEADERS:               ONE
 FILE TO BE FORWARDED:   NO 
 FORMAT:                S1PE11.4
 LFORMAT:               
 RFORMAT:               
0USER-CHOSEN ITEMS:
 ID KA CL V ALAG1 ETA1 ETA2 ETA3
1DOUBLE PRECISION PREDPP VERSION 7.3.0
 
 ONE COMPARTMENT MODEL WITH FIRST-ORDER ABSORPTION (ADVAN2)
0MAXIMUM NO. OF BASIC PK PARAMETERS:   3
0BASIC PK PARAMETERS (AFTER TRANSLATION):
   ELIMINATION RATE (K) IS BASIC PK PARAMETER NO.:  1
   ABSORPTION RATE (KA) IS BASIC PK PARAMETER NO.:  3
 
0COMPARTMENT ATTRIBUTES 
 COMPT. NO.   FUNCTION   INITIAL    ON/OFF      DOSE      DEFAULT    DEFAULT
                         STATUS     ALLOWED    ALLOWED    FOR DOSE   FOR OBS.
    1         DEPOT        OFF        YES        YES        YES        NO 
    2         CENTRAL      ON         NO         YES        NO         YES
    3         OUTPUT       OFF        YES        NO         NO         NO 
1
 ADDITIONAL PK PARAMETERS - ASSIGNMENT OF ROWS IN GG
 COMPT. NO.                             INDICES
              SCALE      BIOAVAIL.   ZERO-ORDER  ZERO-ORDER  ABSORB
                         FRACTION    RATE        DURATION    LAG  
    1            *           *           *           *           4
    2            5           *           *           *           *
    3            *           -           -           -           -
             - PARAMETER IS NOT ALLOWED FOR THIS MODEL
             * PARAMETER IS NOT SUPPLIED BY PK SUBROUTINE;
               WILL DEFAULT TO ONE IF APPLICABLE
0DATA ITEM INDICES USED BY PRED ARE:
   EVENT ID DATA ITEM IS DATA ITEM NO.:     18
   TIME DATA ITEM IS DATA ITEM NO.:          8
   DOSE AMOUNT DATA ITEM IS DATA ITEM NO.:   4
   STEADY STATE DATA ITEM IS DATA ITEM NO.:  5
   INTERVAL DATA ITEM IS DATA ITEM NO.:      6
 
0PK SUBROUTINE CALLED WITH EVERY EVENT RECORD.
 PK SUBROUTINE NOT CALLED AT NONEVENT (ADDITIONAL OR LAGGED) DOSE TIMES.
0ERROR SUBROUTINE CALLED WITH EVERY EVENT RECORD.
1


 #TBLN:      1
 #METH: First Order Conditional Estimation with Interaction

 ESTIMATION STEP OMITTED:                 NO  
 ANALYSIS TYPE:                           POPULATION
 CONDITIONAL ESTIMATES USED:              YES 
 CENTERED ETA:                            NO  
 EPS-ETA INTERACTION:                     YES 
 LAPLACIAN OBJ. FUNC.:                    NO  
 NO. OF FUNCT. EVALS. ALLOWED:            9999
 NO. OF SIG. FIGURES REQUIRED:            3
 INTERMEDIATE PRINTOUT:                   YES 
 ESTIMATE OUTPUT TO MSF:                  NO  
 ABORT WITH PRED EXIT CODE 1:             NO  
 IND. OBJ. FUNC. VALUES SORTED:           NO  
 NUMERICAL DERIVATIVE 
       FILE REQUEST (NUMDER):             NONE
 MAP (ETAHAT) ESTIMATION METHOD (OPTMAP): 0           
 ETA HESSIAN EVALUATION METHOD (ETADER):  0           
 INITIAL ETA FOR MAP ESTIMATION (MCETA):  0           
 SIGDIGITS FOR MAP ESTIMATION (SIGLO):    100         
 GRADIENT SIGDIGITS OF 
       FIXED EFFECTS PARAMETERS (SIGL):   100         
 EXCLUDE TITLE (NOTITLE):                 NO 
 EXCLUDE COLUMN LABELS (NOLABEL):         NO 
 NOPRIOR SETTING (NOPRIOR):               OFF
 NOCOV SETTING (NOCOV):                   OFF
 DERCONT SETTING (DERCONT):               OFF
 ABSOLUTE TOLERANCE-ADVAN 9,13 ONLY(ATOL):-100        
 FINAL ETA RE-EVALUATION (FNLETA):        ON 
 EXCLUDE NON-INFLUENTIAL (NON-INFL.) ETAS 
       IN SHRINKAGE (ETASTYPE):           NO 
 NON-INFL. ETA CORRECTION (NONINFETA):    OFF
 FORMAT FOR ADDITIONAL FILES (FORMAT):    S1PE12.5
 PARAMETER ORDER FOR OUTPUTS (ORDER):     TSOL
 ADDITIONAL CONVERGENCE TEST (CTYPE=4)?:  NO
 EM OR BAYESIAN METHOD USED:                NONE


 THE FOLLOWING LABELS ARE EQUIVALENT
 PRED=PREDI
 RES=RESI
 WRES=WRESI
 IWRS=IWRESI
 IPRD=IPREDI
 IRS=IRESI

 MONITORING OF SEARCH:


0ITERATION NO.:    0    OBJECTIVE VALUE:  -656.872971592807        NO. OF FUNC. EVALS.:   8
 CUMULATIVE NO. OF FUNC. EVALS.:        8
 NPARAMETR:  2.6506E+01  1.4257E+00  3.5107E+00  2.3222E-01  3.7194E-01  6.5173E-03  4.1934E-02  1.3582E-02  2.5568E+00
 PARAMETER:  1.0000E-01  1.0000E-01  1.0000E-01  1.0000E-01  1.0000E-01  1.0000E-01  1.0000E-01  1.0000E-01  1.0000E-01
 GRADIENT:   1.1806E+00  5.0136E-01  7.1960E-02  1.1473E+00  2.1293E-01  1.3870E-02 -1.6412E-03  8.0262E-05  2.1052E-03

0ITERATION NO.:    2    OBJECTIVE VALUE:  -656.872971592807        NO. OF FUNC. EVALS.:  26
 CUMULATIVE NO. OF FUNC. EVALS.:       54
 NPARAMETR:  2.6505E+01  1.4257E+00  3.5106E+00  2.3222E-01  3.7194E-01  6.5178E-03  4.1935E-02  1.3584E-02  2.5568E+00
 PARAMETER:  1.0000E-01  1.0000E-01  1.0000E-01  1.0000E-01  1.0000E-01  1.0000E-01  1.0000E-01  1.0000E-01  1.0000E-01
 GRADIENT:   2.4726E-03 -5.9865E-03  4.5382E-04  5.3240E-03  8.2827E-03 -1.6735E-03 -9.9565E-04 -6.0252E-03  2.0320E-03
 NUMSIGDIG:         5.1         4.7         3.6         5.1         4.6         2.9         4.3         3.0         4.0

 #TERM:
0MINIMIZATION TERMINATED
 DUE TO ROUNDING ERRORS (ERROR=134)
 NO. OF FUNCTION EVALUATIONS USED:       54
 NO. OF SIG. DIGITS IN FINAL EST.:  2.9
 ADDITIONAL PROBLEMS OCCURRED WITH THE MINIMIZATION.
 REGARD THE RESULTS OF THE ESTIMATION STEP CAREFULLY, AND ACCEPT THEM ONLY
 AFTER CHECKING THAT THE COVARIANCE STEP PRODUCES REASONABLE OUTPUT.

 ETABAR IS THE ARITHMETIC MEAN OF THE ETA-ESTIMATES,
 AND THE P-VALUE IS GIVEN FOR THE NULL HYPOTHESIS THAT THE TRUE MEAN IS 0.

 ETABAR:         6.5633E-03 -1.0722E-02 -1.7043E-01
 SE:             2.1241E-02  6.9744E-03  1.5749E-01
 N:                      74          74          74

 P VAL.:         7.5733E-01  1.2422E-01  2.7918E-01

 ETAshrink(%):   1.0160E+01  4.8167E+01  1.4694E+01
 EBVshrink(%):   9.9090E+00  4.9293E+01  1.1130E+01
 EPSshrink(%):   6.7442E+00

 #TERE:
 Elapsed estimation time in seconds:     2.34
1
 
 
 
 
 
 
 
 
 
 
 
 
 
 
 
 
 
 
 
 
 ************************************************************************************************************************
 ********************                                                                                ********************
 ********************               FIRST ORDER CONDITIONAL ESTIMATION WITH INTERACTION              ********************
 #OBJT:**************                       MINIMUM VALUE OF OBJECTIVE FUNCTION                      ********************
 ********************                                                                                ********************
 ************************************************************************************************************************
 





 #OBJV:********************************************     -656.873       **************************************************
1
 ************************************************************************************************************************
 ********************                                                                                ********************
 ********************               FIRST ORDER CONDITIONAL ESTIMATION WITH INTERACTION              ********************
 ********************                             FINAL PARAMETER ESTIMATE                           ********************
 ********************                                                                                ********************
 ************************************************************************************************************************
 


 THETA - VECTOR OF FIXED EFFECTS PARAMETERS   *********


         TH 1      TH 2      TH 3      TH 4      TH 5      TH 6     
 
         2.65E+01  1.43E+00  3.51E+00  2.32E-01  3.72E-01  6.52E-03
 


 OMEGA - COV MATRIX FOR RANDOM EFFECTS - ETAS  ********


            ETA1      ETA2      ETA3   
 
 ETA1
+        4.19E-02
 
 ETA2
+        0.00E+00  1.36E-02
 
 ETA3
+        0.00E+00  0.00E+00  2.56E+00
 


 SIGMA - COV MATRIX FOR RANDOM EFFECTS - EPSILONS  ****


            EPS1   
 
 EPS1
+        1.00E+00
 
1


 OMEGA - CORR MATRIX FOR RANDOM EFFECTS - ETAS  *******


            ETA1      ETA2      ETA3   
 
 ETA1
+        2.05E-01
 
 ETA2
+        0.00E+00  1.17E-01
 
 ETA3
+        0.00E+00  0.00E+00  1.60E+00
 


 SIGMA - CORR MATRIX FOR RANDOM EFFECTS - EPSILONS  ***


            EPS1   
 
 EPS1
+        1.00E+00
 
 #CPUT: Total CPU Time in Seconds,        2.672
Stop Time:
Mon Mar  7 14:12:47 CET 2016
